/scratch/yfu7/Projects/TurboFold/Scripts/RNAstructure_git/conserved_training/Agaricostilbum_pulcherrimum_2_Urechis_unicinctus_1.fasta
sequence1 --A-AUU-ACGGCCACAGCAA-C-C-CC-AAAACACUCUUUCCCGUUC-GAUCAAGAA-AGUUAAGGGGGUUAGCGAGCA-CU-CAGUACCAUGGUCGGGGACG-ACAUGGGAAUCGU---GA--CUUGCCGUAAUU---
sequence2 --G-UCU-ACGGCCAUACCAC-G-U-UG-AAAACACCAGUUCUCGUCC-GAUCACUGA-AGUUAAGCAACGUCGGGCCCG-GU-UAGUACUUGGAUGGGUGACC-GCCUGGGAAUACC---G---GGUGCUGUAGACUU-
48.3923
1 w5 0.6
2 w5 0.36
3 w5 0.216
4 w5 0.1296
5 w5 0.07776
6 w5 0.046656
7 w5 0.0279936
8 w5 0.0167962
9 w5 0.0100777
10 w5 0.00604662
11 w5 0.00362797
12 w5 0.00217678
13 w5 0.00130607
14 w5 0.000784746
15 w5 0.000608079
16 w5 0.00139698
17 w5 0.000839353
18 w5 0.000504406
19 w5 0.000309396
20 w5 0.000202095
21 w5 0.0001262
22 w5 8.13302e-05
23 w5 4.87981e-05
24 w5 2.92789e-05
25 w5 1.75673e-05
26 w5 1.05404e-05
27 w5 6.32424e-06
28 w5 3.79475e-06
29 w5 2.27817e-06
30 w5 1.36767e-06
31 w5 8.21456e-07
32 w5 4.9308e-07
33 w5 2.9605e-07
34 w5 1.77775e-07
35 w5 1.06665e-07
36 w5 6.39991e-08
37 w5 3.84382e-08
38 w5 2.34231e-08
39 w5 1.50972e-08
40 w5 9.79198e-09
41 w5 5.88571e-09
42 w5 3.7264e-09
43 w5 2.46875e-09
44 w5 1.48269e-09
45 w5 8.89773e-10
46 w5 5.34929e-10
47 w5 3.53808e-10
48 w5 5.71201e-10
49 w5 9.26239e-10
50 w5 5.55776e-10
51 w5 3.35508e-10
52 w5 2.2014e-10
53 w5 1.45828e-10
54 w5 8.78206e-11
55 w5 5.26932e-11
56 w5 3.16307e-11
57 w5 1.92823e-11
58 w5 2.46996e-11
59 w5 1.09925e-09
60 w5 1.13739e-07
61 w5 3.79443e-06
62 w5 4.83898e-06
63 w5 3.66315e-06
64 w5 2.2415e-06
65 w5 7.55979e-06
66 w5 4.38662e-05
67 w5 2.632e-05
68 w5 1.58306e-05
69 w5 1.42774e-05
70 w5 4.44996e-05
71 w5 2.67212e-05
72 w5 1.63448e-05
73 w5 1.00438e-05
74 w5 6.04627e-06
75 w5 3.62778e-06
76 w5 2.17691e-06
77 w5 1.3065e-06
78 w5 7.83905e-07
79 w5 4.71005e-07
80 w5 2.8667e-07
81 w5 1.72062e-07
82 w5 1.0344e-07
83 w5 6.2541e-08
84 w5 3.81019e-08
85 w5 2.3056e-08
86 w5 1.39314e-08
87 w5 8.76178e-09
88 w5 5.28619e-09
89 w5 3.2453e-09
90 w5 2.00569e-09
91 w5 1.27984e-09
92 w5 1.67259e-09
93 w5 1.03077e-08
94 w5 1.52539e-08
95 w5 3.68534e-08
96 w5 1.07386e-07
97 w5 2.76353e-06
98 w5 0.000421807
99 w5 0.00188574
100 w5 0.00113589
101 w5 0.000684185
102 w5 0.000432353
103 w5 0.000277377
104 w5 0.000171266
105 w5 0.000121964
106 w5 0.000159127
107 w5 0.000271753
108 w5 0.000173848
109 w5 0.000622516
110 w5 0.000598912
111 w5 0.000590776
112 w5 0.0360273
113 w5 0.0759287
114 w5 0.0995594
115 w5 0.453463
116 w5 2.40372
117 w5 9.45229
118 w5 27.3908
119 w5 48.3923
0 1 119 1 A U
0 2 118 1 A U
0 3 117 1 U A
0 4 116 1 U A
0 5 115 1 A U
0 6 114 1 C G
0 7 113 1 G C
0 8 112 1 G C
0 9 111 1 C G
0 10 1
0 11 1
0 12 1
0 13 1
0 14 65 1 G C
0 15 64 1 C G
0 16 62 1 A U
0 17 61 1 A U
0 18 60 1 C G
0 19 59 1 C G
0 20 58 1 C G
0 21 57 1 C G
0 22 1
0 23 1
0 24 1
0 25 1
0 26 1
0 27 52 1 A U
0 28 51 1 C G
0 29 48 1 U A
0 30 47 1 C G
0 31 46 1 U A
0 32 45 1 U A
0 33 1
0 34 1
0 35 1
0 36 1
0 37 1
0 38 1
0 39 1
0 40 1
0 41 1
0 42 1
0 43 1
0 44 1
0 49 1
0 50 1
0 53 1
0 54 1
0 55 1
0 56 1
0 63 1
0 66 1
0 67 109 1 A U
0 68 108 1 G C
0 69 106 1 C G
0 70 105 1 A U
0 71 104 1 C G
0 72 1
0 73 1
0 74 1
0 75 1
0 76 1
0 77 1
0 78 98 1 C G
0 79 97 1 C G
0 80 96 1 A U
0 81 95 1 U A
0 82 94 1 G C
0 83 1
0 84 93 1 U A
0 85 92 1 C G
0 86 91 1 G C
0 87 1
0 88 1
0 89 1
0 90 1
0 99 1
0 100 1
0 101 1
0 102 1
0 103 1
0 107 1
0 110 1
0.146006
1 w5 0
2 w5 0
3 w5 0
4 w5 0
5 w5 0
6 w5 0
7 w5 0
8 w5 0
9 w5 0
10 w5 0
11 w5 0
12 w5 0
13 w5 0
14 w5 0
15 w5 0
16 w5 0
17 w5 0
18 w5 0
19 w5 0
20 w5 0
21 w5 0
22 w5 0
23 w5 0
24 w5 0
25 w5 0
26 w5 0
27 w5 0
28 w5 0
29 w5 0
30 w5 0
31 w5 0
32 w5 0
33 w5 0
34 w5 0
35 w5 0
36 w5 0
37 w5 0
38 w5 0
39 w5 0
40 w5 0
41 w5 0
42 w5 0
43 w5 0
44 w5 0
45 w5 0
46 w5 0
47 w5 0
48 w5 0
49 w5 0
50 w5 0
51 w5 0
52 w5 0
53 w5 0
54 w5 0
55 w5 0
56 w5 0
57 w5 0
58 w5 0
59 w5 0
60 w5 0
61 w5 0
62 w5 0
63 w5 0
64 w5 0
65 w5 0
66 w5 0
67 w5 0
68 w5 0
69 w5 0
70 w5 0
71 w5 0
72 w5 0
73 w5 0
74 w5 0
75 w5 0
76 w5 0
77 w5 0
78 w5 0
79 w5 0
80 w5 0
81 w5 0
82 w5 0
83 w5 0
84 w5 0
85 w5 0
86 w5 0
87 w5 0
88 w5 0
89 w5 0
90 w5 0
91 w5 0
92 w5 0
93 w5 0
94 w5 0
95 w5 0
96 w5 0
97 w5 0
98 w5 0
99 w5 0
100 w5 0
101 w5 0
102 w5 0
103 w5 0
104 w5 0
105 w5 0
106 w5 0
107 w5 0
108 w5 0
109 w5 0
110 w5 0
111 w5 0
112 w5 0
113 w5 0
114 w5 0
115 w5 0
116 w5 0
117 w5 0
118 w5 0
119 w5 0.146006
partition -39.8568
eq -36.28
/scratch/yfu7/Projects/TurboFold/Scripts/RNAstructure_git/conserved_training/Proasellus_coxalis_1_Neurospora_africana_2.fasta
sequence1 --G-UCA-ACGGCCAUACCAC-G-U-UG-AAAGCACCACUUCUCGUCC-GAUCAGCGA-AGUUAAGCAACGUUGGGUCUG-GU-UAGUACUUGGAUGGGAGACC-GCCUGGGAACACC---A---GAUGCUGUUGGCUU-
sequence2 --A-CAU-ACGACCAUAGAUG-G-U-AG-AAAACUCGGGAUCCCGUCC-GCUCUCCCAUAGAUAAGCUACCAAUCGCCAG-AC-UAGUAGUUGGGUCGGUGACG-ACCAGCGAAUCCC---U---GGUGUUGUAUGU---
6.49169
1 w5 0.6
2 w5 0.36
3 w5 0.216
4 w5 0.1296
5 w5 0.07776
6 w5 0.046656
7 w5 0.0279946
8 w5 0.0168077
9 w5 0.01028
10 w5 0.00658192
11 w5 0.00394915
12 w5 0.00236949
13 w5 0.0014217
14 w5 0.000854007
15 w5 0.000665652
16 w5 0.00133477
17 w5 0.000803816
18 w5 0.00053675
19 w5 0.000603437
20 w5 0.00118897
21 w5 0.0218252
22 w5 0.10952
23 w5 0.065712
24 w5 0.0394272
25 w5 0.0236563
26 w5 0.0141938
27 w5 0.00851689
28 w5 0.00513198
29 w5 0.00312563
30 w5 0.00187586
31 w5 0.00112605
32 w5 0.000677515
33 w5 0.000407102
34 w5 0.000244622
35 w5 0.000148822
36 w5 9.07834e-05
37 w5 5.45068e-05
38 w5 3.34117e-05
39 w5 2.06597e-05
40 w5 1.23958e-05
41 w5 7.48248e-06
42 w5 5.27175e-06
43 w5 4.12545e-06
44 w5 2.47749e-06
45 w5 1.48841e-06
46 w5 1.01743e-06
47 w5 7.84621e-07
48 w5 4.73731e-07
49 w5 2.85013e-07
50 w5 1.71068e-07
51 w5 1.02864e-07
52 w5 6.28844e-08
53 w5 3.86969e-08
54 w5 2.32439e-08
55 w5 1.39474e-08
56 w5 8.37295e-09
57 w5 5.03847e-09
58 w5 3.085e-09
59 w5 1.85157e-09
60 w5 1.13726e-09
61 w5 1.23035e-09
62 w5 1.54411e-09
63 w5 1.25164e-09
64 w5 7.73359e-10
65 w5 3.13872e-09
66 w5 1.22903e-08
67 w5 7.4316e-09
68 w5 4.46666e-09
69 w5 2.74537e-09
70 w5 2.34443e-09
71 w5 3.9523e-09
72 w5 2.37327e-09
73 w5 1.44665e-09
74 w5 8.7487e-10
75 w5 5.27592e-10
76 w5 3.1671e-10
77 w5 1.90868e-10
78 w5 1.14754e-10
79 w5 6.90874e-11
80 w5 4.15144e-11
81 w5 2.52022e-11
82 w5 2.06786e-11
83 w5 1.50237e-11
84 w5 9.02211e-12
85 w5 5.43011e-12
86 w5 3.48596e-12
87 w5 2.65501e-12
88 w5 1.60095e-12
89 w5 9.65719e-13
90 w5 6.01811e-13
91 w5 3.85903e-13
92 w5 7.0157e-13
93 w5 6.92912e-12
94 w5 6.63149e-12
95 w5 3.47304e-11
96 w5 1.47317e-10
97 w5 9.41997e-11
98 w5 1.78196e-10
99 w5 5.50677e-10
100 w5 3.32455e-10
101 w5 2.02956e-10
102 w5 2.35573e-10
103 w5 7.91569e-10
104 w5 5.1946e-10
105 w5 7.45778e-10
106 w5 6.75515e-09
107 w5 1.56864e-07
108 w5 1.61312e-05
109 w5 1.6436e-05
110 w5 1.14669e-05
111 w5 7.10777e-06
112 w5 7.21592e-06
113 w5 3.81085e-05
114 w5 0.000304275
115 w5 0.00101402
116 w5 0.0219529
117 w5 0.191679
118 w5 2.4259
119 w5 10.8195
120 w5 6.49169
1 1 118 1 G C
1 2 117 1 U G
1 3 116 1 C G
1 4 115 1 A U
1 5 114 1 A U
1 6 113 1 C G
1 7 112 1 G U
1 8 111 1 G C
1 9 110 1 C G
1 10 1
1 11 1
1 12 1
1 13 1
1 14 65 1 C G
1 15 64 1 C G
1 16 62 1 A U
1 17 61 1 C G
1 18 60 1 G C
1 19 59 1 U A
1 20 58 1 U A
1 21 57 1 G C
1 22 1
1 23 1
1 24 1
1 25 1
1 26 1
1 27 52 1 A U
1 28 51 1 C G
1 29 48 1 C G
1 30 1
1 31 46 1 C G
1 32 45 1 U A
1 33 1
1 34 1
1 35 1
1 36 1
1 37 1
1 38 1
1 39 1
1 40 1
1 41 1
1 42 1
1 43 1
1 44 1
1 47 1
1 49 1
1 50 1
1 53 1
1 54 1
1 55 1
1 56 1
1 63 1
1 66 1
1 67 108 1 U A
1 68 107 1 C G
1 69 106 1 U A
1 70 105 1 G C
1 71 104 1 G C
1 72 103 1 U A
1 73 1
1 74 1
1 75 1
1 76 1
1 77 1
1 78 98 1 C G
1 79 97 1 U G
1 80 1
1 81 95 1 G C
1 82 94 1 G C
1 83 1
1 84 93 1 U G
1 85 92 1 G C
1 86 91 1 G C
1 87 1
1 88 1
1 89 1
1 90 1
1 96 1
1 99 1
1 100 1
1 101 1
1 102 1
1 109 1
1 119 1
1 120 1
0
1 w5 0
2 w5 0
3 w5 0
4 w5 0
5 w5 0
6 w5 0
7 w5 0
8 w5 0
9 w5 0
10 w5 0
11 w5 0
12 w5 0
13 w5 0
14 w5 0
15 w5 0
16 w5 0
17 w5 0
18 w5 0
19 w5 0
20 w5 0
21 w5 0
22 w5 0
23 w5 0
24 w5 0
25 w5 0
26 w5 0
27 w5 0
28 w5 0
29 w5 0
30 w5 0
31 w5 0
32 w5 0
33 w5 0
34 w5 0
35 w5 0
36 w5 0
37 w5 0
38 w5 0
39 w5 0
40 w5 0
41 w5 0
42 w5 0
43 w5 0
44 w5 0
45 w5 0
46 w5 0
47 w5 0
48 w5 0
49 w5 0
50 w5 0
51 w5 0
52 w5 0
53 w5 0
54 w5 0
55 w5 0
56 w5 0
57 w5 0
58 w5 0
59 w5 0
60 w5 0
61 w5 0
62 w5 0
63 w5 0
64 w5 0
65 w5 0
66 w5 0
67 w5 0
68 w5 0
69 w5 0
70 w5 0
71 w5 0
72 w5 0
73 w5 0
74 w5 0
75 w5 0
76 w5 0
77 w5 0
78 w5 0
79 w5 0
80 w5 0
81 w5 0
82 w5 0
83 w5 0
84 w5 0
85 w5 0
86 w5 0
87 w5 0
88 w5 0
89 w5 0
90 w5 0
91 w5 0
92 w5 0
93 w5 0
94 w5 0
95 w5 0
96 w5 0
97 w5 0
98 w5 0
99 w5 0
100 w5 0
101 w5 0
102 w5 0
103 w5 0
104 w5 0
105 w5 0
106 w5 0
107 w5 0
108 w5 0
109 w5 0
110 w5 0
111 w5 0
112 w5 0
113 w5 0
114 w5 0
115 w5 0
116 w5 0
117 w5 0
118 w5 0
119 w5 0
120 w5 0
partition -38.9336
eq inf
/scratch/yfu7/Projects/TurboFold/Scripts/RNAstructure_git/conserved_training/Homo_sapiens_1_Spirobolus_sp_1.fasta
sequence1 --G-UCU-ACGGCCAUACCAC-C-C-UG-AACGCGCCCGAUCUCGUCU-GAUCUCGGA-AGCUAAGCAGGGUCGGGCCUG-GU-UAGUACUUGGAUGGGAGACC-GCCUGGGAAUACC---G---GGUGCUGUAGGCUU-
sequence2 --G-UCA-ACGGCCAUACUAC-G-U-UG-AAAACACCAGUUCUCGUCU-GAUCACUGA-AGUUAAGCAACGUCGGGCCCA-GU-CAGUACCUGGAUGGGUGACC-GCCUGGGAAUACU---G---GGUGCUGUUGGCAUU
1.56402e+09
1 w5 0.6
2 w5 0.36
3 w5 0.216
4 w5 0.1296
5 w5 0.07776
6 w5 0.046656
7 w5 0.0280031
8 w5 0.0168877
9 w5 0.0112961
10 w5 0.0092415
11 w5 0.0055449
12 w5 0.00332694
13 w5 0.00199616
14 w5 0.0011987
15 w5 0.000872473
16 w5 0.00145886
17 w5 0.000877748
18 w5 0.000576701
19 w5 0.000448192
20 w5 0.000284549
21 w5 0.000183075
22 w5 0.000132299
23 w5 7.93794e-05
24 w5 4.76276e-05
25 w5 2.85766e-05
26 w5 1.7146e-05
27 w5 1.02945e-05
28 w5 6.21134e-06
29 w5 7.96009e-06
30 w5 1.3994e-05
31 w5 1.32411e-05
32 w5 1.84919e-05
33 w5 1.22423e-05
34 w5 7.34541e-06
35 w5 4.40725e-06
36 w5 2.64438e-06
37 w5 1.5879e-06
38 w5 9.6622e-07
39 w5 5.86597e-07
40 w5 3.51958e-07
41 w5 2.16428e-07
42 w5 2.88295e-07
43 w5 2.58598e-07
44 w5 1.55219e-07
45 w5 9.32671e-08
46 w5 6.8022e-08
47 w5 4.03482e-07
48 w5 1.78343e-06
49 w5 5.88513e-06
50 w5 3.53108e-06
51 w5 2.12401e-06
52 w5 2.10699e-06
53 w5 4.40175e-06
54 w5 2.64108e-06
55 w5 1.58468e-06
56 w5 9.51893e-07
57 w5 5.75197e-07
58 w5 3.86447e-07
59 w5 1.50166e-06
60 w5 6.00565e-05
61 w5 0.0234213
62 w5 0.0604745
63 w5 0.0503991
64 w5 0.0318613
65 w5 0.271002
66 w5 1.14118
67 w5 0.684749
68 w5 0.416785
69 w5 0.274486
70 w5 0.202712
71 w5 0.281095
72 w5 0.211902
73 w5 0.134488
74 w5 0.0807047
75 w5 0.0484371
76 w5 0.0290666
77 w5 0.0174466
78 w5 0.0105136
79 w5 0.00642821
80 w5 0.0039068
81 w5 0.0023616
82 w5 0.0160681
83 w5 0.0178275
84 w5 0.0106984
85 w5 0.00642774
86 w5 0.00398069
87 w5 0.00259018
88 w5 0.00155566
89 w5 0.00093361
90 w5 0.000560344
91 w5 0.000340401
92 w5 0.0007217
93 w5 0.00658365
94 w5 0.00653432
95 w5 0.011505
96 w5 0.0357415
97 w5 0.0220988
98 w5 0.0291555
99 w5 0.0621398
100 w5 0.03731
101 w5 0.0224737
102 w5 0.014361
103 w5 0.0100241
104 w5 0.00718664
105 w5 0.0437179
106 w5 0.239817
107 w5 5.27619
108 w5 2141.78
109 w5 3282.06
110 w5 2465.06
111 w5 1508.28
112 w5 1278.43
113 w5 5053.15
114 w5 35798.2
115 w5 187461
116 w5 5.31999e+06
117 w5 4.62187e+07
118 w5 5.84505e+08
119 w5 2.60671e+09
120 w5 1.56402e+09
2 1 118 1 G C
2 2 117 1 U G
2 3 116 1 C G
2 4 115 1 U A
2 5 114 1 A U
2 6 113 1 C G
2 7 112 1 G U
2 8 111 1 G C
2 9 110 1 C G
2 10 1
2 11 1
2 12 1
2 13 1
2 14 65 1 C G
2 15 64 1 C G
2 16 62 1 A U
2 17 61 1 C G
2 18 60 1 C G
2 19 59 1 C G
2 20 58 1 U A
2 21 57 1 G C
2 22 1
2 23 1
2 24 1
2 25 1
2 26 1
2 27 52 1 G C
2 28 51 1 C G
2 29 48 1 C G
2 30 47 1 C G
2 31 46 1 G C
2 32 45 1 A U
2 33 1
2 34 1
2 35 1
2 36 1
2 37 1
2 38 1
2 39 1
2 40 1
2 41 1
2 42 1
2 43 1
2 44 1
2 49 1
2 50 1
2 53 1
2 54 1
2 55 1
2 56 1
2 63 1
2 66 1
2 67 108 1 C G
2 68 107 1 C G
2 69 106 1 U G
2 70 105 1 G C
2 71 104 1 G C
2 72 103 1 U A
2 73 1
2 74 1
2 75 1
2 76 1
2 77 1
2 78 98 1 C G
2 79 97 1 U G
2 80 1
2 81 95 1 G C
2 82 94 1 G C
2 83 1
2 84 93 1 U G
2 85 92 1 G C
2 86 91 1 G C
2 87 1
2 88 1
2 89 1
2 90 1
2 96 1
2 99 1
2 100 1
2 101 1
2 102 1
2 109 1
2 119 1
2 120 1
4.48868e+06
1 w5 0
2 w5 0
3 w5 0
4 w5 0
5 w5 0
6 w5 0
7 w5 0
8 w5 0
9 w5 0
10 w5 0
11 w5 0
12 w5 0
13 w5 0
14 w5 0
15 w5 0
16 w5 0
17 w5 0
18 w5 0
19 w5 0
20 w5 0
21 w5 0
22 w5 0
23 w5 0
24 w5 0
25 w5 0
26 w5 0
27 w5 0
28 w5 0
29 w5 0
30 w5 0
31 w5 0
32 w5 0
33 w5 0
34 w5 0
35 w5 0
36 w5 0
37 w5 0
38 w5 0
39 w5 0
40 w5 0
41 w5 0
42 w5 0
43 w5 0
44 w5 0
45 w5 0
46 w5 0
47 w5 0
48 w5 0
49 w5 0
50 w5 0
51 w5 0
52 w5 0
53 w5 0
54 w5 0
55 w5 0
56 w5 0
57 w5 0
58 w5 0
59 w5 0
60 w5 0
61 w5 0
62 w5 0
63 w5 0
64 w5 0
65 w5 0
66 w5 0
67 w5 0
68 w5 0
69 w5 0
70 w5 0
71 w5 0
72 w5 0
73 w5 0
74 w5 0
75 w5 0
76 w5 0
77 w5 0
78 w5 0
79 w5 0
80 w5 0
81 w5 0
82 w5 0
83 w5 0
84 w5 0
85 w5 0
86 w5 0
87 w5 0
88 w5 0
89 w5 0
90 w5 0
91 w5 0
92 w5 0
93 w5 0
94 w5 0
95 w5 0
96 w5 0
97 w5 0
98 w5 0
99 w5 0
100 w5 0
101 w5 0
102 w5 0
103 w5 0
104 w5 0
105 w5 0
106 w5 0
107 w5 0
108 w5 0
109 w5 0
110 w5 0
111 w5 0
112 w5 0
113 w5 0
114 w5 0
115 w5 0
116 w5 0
117 w5 0
118 w5 1.55709e+06
119 w5 7.48113e+06
120 w5 4.48868e+06
partition -50.8288
eq -47.2211
/scratch/yfu7/Projects/TurboFold/Scripts/RNAstructure_git/conserved_training/Eurypelma_californica_1_Bufo_americanus_1.fasta
sequence1 --G-CCA-ACGGCCAUACCAU-G-C-UG-AAUACACCGGUUCUCGUCC-GAUCACCGA-AGUUAAGCAGCAUCGGGCGCG-GU-CAGUACCUGGGAGGGUGACC-ACCUGGGAACACC---G---CGUGCUGUUGGCAU-
sequence2 --G-CCU-ACGGCCACACCAC-C-C-UG-AACACGCCCGAUCUCGUCU-GAUCUCGGA-AGCUAAGCAGGGUCGGGCCUG-GU-UAGUACUUGGAUGGGAGACC-GCCUGGGAAUACC---A---GGUGUCGUAGGCU--
6.16029e+10
1 w5 0.6
2 w5 0.36
3 w5 0.216
4 w5 0.1296
5 w5 0.07776
6 w5 0.046656
7 w5 0.0279948
8 w5 0.0169585
9 w5 0.0202797
10 w5 0.0336884
11 w5 0.0202131
12 w5 0.0121278
13 w5 0.0072767
14 w5 0.00436692
15 w5 0.0027732
16 w5 0.0025992
17 w5 0.00155993
18 w5 0.000954857
19 w5 0.000644746
20 w5 0.000745419
21 w5 0.00323718
22 w5 0.00755465
23 w5 0.0045328
24 w5 0.0027197
25 w5 0.00163196
26 w5 0.000979188
27 w5 0.00058752
28 w5 0.000352517
29 w5 0.000211553
30 w5 0.000128008
31 w5 8.14409e-05
32 w5 6.22825e-05
33 w5 4.67251e-05
34 w5 2.80354e-05
35 w5 1.6822e-05
36 w5 1.00933e-05
37 w5 6.06059e-06
38 w5 3.67616e-06
39 w5 2.25537e-06
40 w5 1.35322e-06
41 w5 8.21137e-07
42 w5 6.26261e-07
43 w5 4.72228e-07
44 w5 2.83794e-07
45 w5 1.70491e-07
46 w5 1.09614e-07
47 w5 1.0538e-06
48 w5 3.52895e-05
49 w5 0.000134668
50 w5 8.08008e-05
51 w5 4.86576e-05
52 w5 3.08522e-05
53 w5 1.97223e-05
54 w5 1.19578e-05
55 w5 7.33399e-06
56 w5 4.40039e-06
57 w5 2.6454e-06
58 w5 1.63221e-06
59 w5 1.29211e-06
60 w5 2.22932e-05
61 w5 0.000814732
62 w5 0.00143482
63 w5 0.00129172
64 w5 0.000826313
65 w5 0.00870654
66 w5 0.0371343
67 w5 0.0222834
68 w5 0.013418
69 w5 0.00890864
70 w5 0.0129458
71 w5 0.0190307
72 w5 0.100283
73 w5 0.13117
74 w5 0.0787021
75 w5 0.0472213
76 w5 0.0283329
77 w5 0.0169999
78 w5 0.0102025
79 w5 0.00617654
80 w5 0.00381666
81 w5 0.00230249
82 w5 0.00140502
83 w5 0.000902743
84 w5 0.000544395
85 w5 0.000327572
86 w5 0.000257295
87 w5 0.000391718
88 w5 0.000238491
89 w5 0.000177977
90 w5 0.000128983
91 w5 7.83301e-05
92 w5 0.000118026
93 w5 0.000525054
94 w5 0.000320006
95 w5 0.000933965
96 w5 0.00304699
97 w5 0.00211045
98 w5 0.0461907
99 w5 0.202833
100 w5 0.121946
101 w5 0.0735313
102 w5 0.0628299
103 w5 0.162047
104 w5 0.0975912
105 w5 0.0669875
106 w5 0.167407
107 w5 15.7465
108 w5 3580.57
109 w5 5395.17
110 w5 4024.84
111 w5 2438.22
112 w5 1708.47
113 w5 3044.84
114 w5 17952.5
115 w5 58402.6
116 w5 1.49998e+06
117 w5 1.69743e+08
118 w5 1.06012e+10
119 w5 1.02672e+11
120 w5 6.16029e+10
3 1 118 1 G C
3 2 117 1 C G
3 3 116 1 C G
3 4 115 1 A U
3 5 114 1 A U
3 6 113 1 C G
3 7 112 1 G U
3 8 111 1 G C
3 9 110 1 C G
3 10 1
3 11 1
3 12 1
3 13 1
3 14 65 1 C G
3 15 64 1 C G
3 16 62 1 A U
3 17 61 1 U A
3 18 60 1 G C
3 19 59 1 C G
3 20 58 1 U A
3 21 57 1 G C
3 22 1
3 23 1
3 24 1
3 25 1
3 26 1
3 27 52 1 A U
3 28 51 1 C G
3 29 48 1 C G
3 30 47 1 G C
3 31 46 1 G C
3 32 45 1 U A
3 33 1
3 34 1
3 35 1
3 36 1
3 37 1
3 38 1
3 39 1
3 40 1
3 41 1
3 42 1
3 43 1
3 44 1
3 49 1
3 50 1
3 53 1
3 54 1
3 55 1
3 56 1
3 63 1
3 66 1
3 67 108 1 C G
3 68 107 1 G C
3 69 106 1 C G
3 70 105 1 G C
3 71 104 1 G C
3 72 103 1 U A
3 73 1
3 74 1
3 75 1
3 76 1
3 77 1
3 78 98 1 C G
3 79 97 1 C G
3 80 1
3 81 95 1 G C
3 82 94 1 G C
3 83 1
3 84 1
3 85 92 1 G C
3 86 91 1 G C
3 87 1
3 88 1
3 89 1
3 90 1
3 93 1
3 96 1
3 99 1
3 100 1
3 101 1
3 102 1
3 109 1
3 119 1
3 120 1
5.10294e+06
1 w5 0
2 w5 0
3 w5 0
4 w5 0
5 w5 0
6 w5 0
7 w5 0
8 w5 0
9 w5 0
10 w5 0
11 w5 0
12 w5 0
13 w5 0
14 w5 0
15 w5 0
16 w5 0
17 w5 0
18 w5 0
19 w5 0
20 w5 0
21 w5 0
22 w5 0
23 w5 0
24 w5 0
25 w5 0
26 w5 0
27 w5 0
28 w5 0
29 w5 0
30 w5 0
31 w5 0
32 w5 0
33 w5 0
34 w5 0
35 w5 0
36 w5 0
37 w5 0
38 w5 0
39 w5 0
40 w5 0
41 w5 0
42 w5 0
43 w5 0
44 w5 0
45 w5 0
46 w5 0
47 w5 0
48 w5 0
49 w5 0
50 w5 0
51 w5 0
52 w5 0
53 w5 0
54 w5 0
55 w5 0
56 w5 0
57 w5 0
58 w5 0
59 w5 0
60 w5 0
61 w5 0
62 w5 0
63 w5 0
64 w5 0
65 w5 0
66 w5 0
67 w5 0
68 w5 0
69 w5 0
70 w5 0
71 w5 0
72 w5 0
73 w5 0
74 w5 0
75 w5 0
76 w5 0
77 w5 0
78 w5 0
79 w5 0
80 w5 0
81 w5 0
82 w5 0
83 w5 0
84 w5 0
85 w5 0
86 w5 0
87 w5 0
88 w5 0
89 w5 0
90 w5 0
91 w5 0
92 w5 0
93 w5 0
94 w5 0
95 w5 0
96 w5 0
97 w5 0
98 w5 0
99 w5 0
100 w5 0
101 w5 0
102 w5 0
103 w5 0
104 w5 0
105 w5 0
106 w5 0
107 w5 0
108 w5 0
109 w5 0
110 w5 0
111 w5 0
112 w5 0
113 w5 0
114 w5 0
115 w5 0
116 w5 0
117 w5 0
118 w5 845142
119 w5 8.50489e+06
120 w5 5.10294e+06
partition -53.0929
eq -47.3002
/scratch/yfu7/Projects/TurboFold/Scripts/RNAstructure_git/conserved_training/Drosophila_takahashii_1_C_paradox::E.fasta
sequence1 --G-CCA-ACGACCAUACCAC-G-C-UG-AACACAUCGGUUCUCGUCC-GAUCACCGA-AAUUAAGCAGCGUCGGGCGCG-GU-UAGUACUUAGAUGGGGGACC-GCUUGGGAACACC---G---CGUGUUGUUGGCCU-
sequence2 --G-UGU-ACGGCUAUACUAC-C-G-GA-AAAGCGCCCGUUCCCGUCC-GAUUACGGA-AGCCUAGCCCGGUCAGGCCCG-AC-UAGUACUAGGGUGGGGGACC-ACCUGGGAACAUC---G---GGUGCUGUACACU--
3.61407e+07
1 w5 0.6
2 w5 0.36
3 w5 0.216
4 w5 0.1296
5 w5 0.07776
6 w5 0.046656
7 w5 0.0279936
8 w5 0.0167962
9 w5 0.0100777
10 w5 0.00604662
11 w5 0.00362797
12 w5 0.00217678
13 w5 0.00130607
14 w5 0.000783642
15 w5 0.000470185
16 w5 0.000282111
17 w5 0.000169349
18 w5 0.000105209
19 w5 6.88828e-05
20 w5 4.67282e-05
21 w5 2.82425e-05
22 w5 1.70207e-05
23 w5 1.02124e-05
24 w5 6.12745e-06
25 w5 3.67647e-06
26 w5 2.2087e-06
27 w5 1.40398e-06
28 w5 8.87435e-07
29 w5 5.38882e-07
30 w5 5.97326e-07
31 w5 1.32881e-06
32 w5 9.10337e-07
33 w5 5.90396e-07
34 w5 3.54464e-07
35 w5 2.13861e-07
36 w5 1.28375e-07
37 w5 7.76566e-08
38 w5 4.6863e-08
39 w5 2.83371e-08
40 w5 1.70673e-08
41 w5 1.04035e-08
42 w5 8.0327e-09
43 w5 6.2058e-09
44 w5 3.72757e-09
45 w5 2.27718e-09
46 w5 1.77556e-09
47 w5 3.79179e-09
48 w5 9.91069e-08
49 w5 4.13431e-07
50 w5 2.48059e-07
51 w5 1.48907e-07
52 w5 9.00839e-08
53 w5 5.46282e-08
54 w5 3.27851e-08
55 w5 1.96739e-08
56 w5 1.18044e-08
57 w5 7.08935e-09
58 w5 4.44057e-09
59 w5 7.23283e-09
60 w5 3.64337e-07
61 w5 1.53423e-05
62 w5 0.000128563
63 w5 0.00016344
64 w5 0.000108335
65 w5 0.00172447
66 w5 0.00748286
67 w5 0.00448991
68 w5 0.00270048
69 w5 0.00163836
70 w5 0.00119635
71 w5 0.00124581
72 w5 0.000791611
73 w5 0.000476166
74 w5 0.000285751
75 w5 0.000171523
76 w5 0.000102944
77 w5 6.19293e-05
78 w5 4.05621e-05
79 w5 3.37379e-05
80 w5 2.58729e-05
81 w5 1.55546e-05
82 w5 9.33278e-06
83 w5 5.60144e-06
84 w5 3.36371e-06
85 w5 2.05451e-06
86 w5 1.57564e-06
87 w5 2.27362e-06
88 w5 1.36581e-06
89 w5 8.20471e-07
90 w5 4.94111e-07
91 w5 3.32859e-07
92 w5 1.54389e-06
93 w5 3.81431e-05
94 w5 0.00453409
95 w5 0.0197173
96 w5 0.0118374
97 w5 0.00736682
98 w5 0.0123792
99 w5 0.0409697
100 w5 0.0245822
101 w5 0.0147494
102 w5 0.00885356
103 w5 0.00533809
104 w5 0.00320768
105 w5 0.00225169
106 w5 0.0116946
107 w5 0.15737
108 w5 34.1352
109 w5 51.1984
110 w5 37.9717
111 w5 23.066
112 w5 14.6144
113 w5 27.3103
114 w5 77.8561
115 w5 148.729
116 w5 3162.33
117 w5 355989
118 w5 2.22324e+07
119 w5 6.02346e+07
120 w5 3.61407e+07
4 1 118 1 G C
4 2 117 1 C G
4 3 116 1 C G
4 4 115 1 A U
4 5 114 1 A U
4 6 113 1 C G
4 7 112 1 G U
4 8 111 1 A U
4 9 110 1 C G
4 10 1
4 11 1
4 12 1
4 13 1
4 14 65 1 C G
4 15 64 1 C G
4 16 62 1 A U
4 17 61 1 C G
4 18 60 1 G C
4 19 59 1 C G
4 20 58 1 U A
4 21 57 1 G C
4 22 1
4 23 1
4 24 1
4 25 1
4 26 1
4 27 52 1 A U
4 28 51 1 U A
4 29 48 1 C G
4 30 47 1 G C
4 31 46 1 G C
4 32 45 1 U A
4 33 1
4 34 1
4 35 1
4 36 1
4 37 1
4 38 1
4 39 1
4 40 1
4 41 1
4 42 1
4 43 1
4 44 1
4 49 1
4 50 1
4 53 1
4 54 1
4 55 1
4 56 1
4 63 1
4 66 1
4 67 108 1 C G
4 68 107 1 G C
4 69 106 1 C G
4 70 105 1 G C
4 71 104 1 G C
4 72 103 1 U A
4 73 1
4 74 1
4 75 1
4 76 1
4 77 1
4 78 98 1 C G
4 79 97 1 U G
4 80 1
4 81 95 1 A U
4 82 94 1 G C
4 83 1
4 84 93 1 U G
4 85 92 1 G C
4 86 91 1 G C
4 87 1
4 88 1
4 89 1
4 90 1
4 96 1
4 99 1
4 100 1
4 101 1
4 102 1
4 109 1
4 119 1
4 120 1
307.373
1 w5 0
2 w5 0
3 w5 0
4 w5 0
5 w5 0
6 w5 0
7 w5 0
8 w5 0
9 w5 0
10 w5 0
11 w5 0
12 w5 0
13 w5 0
14 w5 0
15 w5 0
16 w5 0
17 w5 0
18 w5 0
19 w5 0
20 w5 0
21 w5 0
22 w5 0
23 w5 0
24 w5 0
25 w5 0
26 w5 0
27 w5 0
28 w5 0
29 w5 0
30 w5 0
31 w5 0
32 w5 0
33 w5 0
34 w5 0
35 w5 0
36 w5 0
37 w5 0
38 w5 0
39 w5 0
40 w5 0
41 w5 0
42 w5 0
43 w5 0
44 w5 0
45 w5 0
46 w5 0
47 w5 0
48 w5 0
49 w5 0
50 w5 0
51 w5 0
52 w5 0
53 w5 0
54 w5 0
55 w5 0
56 w5 0
57 w5 0
58 w5 0
59 w5 0
60 w5 0
61 w5 0
62 w5 0
63 w5 0
64 w5 0
65 w5 0
66 w5 0
67 w5 0
68 w5 0
69 w5 0
70 w5 0
71 w5 0
72 w5 0
73 w5 0
74 w5 0
75 w5 0
76 w5 0
77 w5 0
78 w5 0
79 w5 0
80 w5 0
81 w5 0
82 w5 0
83 w5 0
84 w5 0
85 w5 0
86 w5 0
87 w5 0
88 w5 0
89 w5 0
90 w5 0
91 w5 0
92 w5 0
93 w5 0
94 w5 0
95 w5 0
96 w5 0
97 w5 0
98 w5 0
99 w5 0
100 w5 0
101 w5 0
102 w5 0
103 w5 0
104 w5 0
105 w5 0
106 w5 0
107 w5 0
108 w5 0
109 w5 0
110 w5 0
111 w5 0
112 w5 0
113 w5 0
114 w5 0
115 w5 0
116 w5 0
117 w5 0
118 w5 183.145
119 w5 512.288
120 w5 307.373
partition -48.5067
eq -41.3111
/scratch/yfu7/Projects/TurboFold/Scripts/RNAstructure_git/conserved_training/Fusarium_asiaticum_6_Brachionus_plicatilis_1.fasta
sequence1 --A-CAU-ACGACCAAAGCUC-G-U-AG-AGAAUACGGGGUCCCGUCC-GCUCCCCCAUCGUCAAGCUGCGAAGCGCUGG-AU-UAGUAGUUGGGUCGGUGACG-ACCAGCGAAUCCC---C---AGUGUUGUAUGU---
sequence2 --G-CCU-AGGACCAUAUCAC-G-U-UG-AAUGCACCGGUUCUCGUCC-GAUCACCGA-AGUUAAGCAACGUCGAGCCCG-GU-UAGUACUUGGAUGGGUGACC-GCCUGGGAAUACC---G---GGUGUUCUAGGCCU-
106.456
1 w5 0.6
2 w5 0.36
3 w5 0.216
4 w5 0.1296
5 w5 0.07776
6 w5 0.046656
7 w5 0.0279936
8 w5 0.0167962
9 w5 0.0100777
10 w5 0.00604662
11 w5 0.00362797
12 w5 0.00217678
13 w5 0.00130607
14 w5 0.000783642
15 w5 0.000470185
16 w5 0.000282141
17 w5 0.000171255
18 w5 0.000186126
19 w5 0.000720064
20 w5 0.00396426
21 w5 0.00687389
22 w5 0.00412485
23 w5 0.00247491
24 w5 0.00148495
25 w5 0.000890968
26 w5 0.000534581
27 w5 0.00032075
28 w5 0.000192458
29 w5 0.00011566
30 w5 7.07069e-05
31 w5 6.31918e-05
32 w5 0.000125503
33 w5 7.58917e-05
34 w5 4.57866e-05
35 w5 2.79884e-05
36 w5 1.6793e-05
37 w5 1.00763e-05
38 w5 6.04773e-06
39 w5 3.63285e-06
40 w5 2.18567e-06
41 w5 1.31198e-06
42 w5 7.87434e-07
43 w5 4.74024e-07
44 w5 2.85786e-07
45 w5 1.72078e-07
46 w5 1.09433e-07
47 w5 5.04519e-07
48 w5 1.8352e-05
49 w5 0.000117126
50 w5 7.05347e-05
51 w5 4.28187e-05
52 w5 2.76514e-05
53 w5 1.69839e-05
54 w5 1.04504e-05
55 w5 6.37168e-06
56 w5 3.82301e-06
57 w5 2.29381e-06
58 w5 1.38009e-06
59 w5 8.37494e-07
60 w5 5.0524e-07
61 w5 3.18749e-07
62 w5 4.01765e-07
63 w5 2.61679e-06
64 w5 5.7553e-06
65 w5 3.65049e-06
66 w5 3.20354e-05
67 w5 0.000208056
68 w5 0.000124837
69 w5 7.4909e-05
70 w5 4.50304e-05
71 w5 2.77077e-05
72 w5 1.74622e-05
73 w5 1.05059e-05
74 w5 6.32604e-06
75 w5 3.79589e-06
76 w5 2.27754e-06
77 w5 1.36653e-06
78 w5 8.19987e-07
79 w5 4.93721e-07
80 w5 3.01675e-07
81 w5 1.84148e-07
82 w5 1.10731e-07
83 w5 7.47228e-08
84 w5 5.91838e-08
85 w5 3.55571e-08
86 w5 2.14962e-08
87 w5 1.70138e-08
88 w5 2.24005e-08
89 w5 1.34444e-08
90 w5 8.07651e-09
91 w5 4.86754e-09
92 w5 2.94259e-09
93 w5 2.33213e-09
94 w5 2.48349e-08
95 w5 2.76971e-08
96 w5 1.75067e-07
97 w5 2.70876e-06
98 w5 6.41304e-06
99 w5 0.00016026
100 w5 0.00108303
101 w5 0.00065009
102 w5 0.000391482
103 w5 0.000245925
104 w5 0.000156752
105 w5 0.000103315
106 w5 8.91576e-05
107 w5 7.97588e-05
108 w5 0.000209258
109 w5 0.0213303
110 w5 0.0358292
111 w5 0.0423714
112 w5 0.514095
113 w5 0.606127
114 w5 0.367745
115 w5 0.251237
116 w5 0.309935
117 w5 0.739355
118 w5 21.8271
119 w5 106.456
5 1 119 1 A U
5 2 118 1 C G
5 3 117 1 A U
5 4 116 1 U A
5 5 115 1 A U
5 6 114 1 C G
5 7 113 1 G U
5 8 112 1 A U
5 9 111 1 C G
5 10 1
5 11 1
5 12 1
5 13 1
5 14 66 1 G C
5 15 65 1 C G
5 16 63 1 U A
5 17 62 1 C G
5 18 61 1 G C
5 19 60 1 U G
5 20 59 1 A U
5 21 58 1 G C
5 22 1
5 23 1
5 24 1
5 25 1
5 26 1
5 27 53 1 A U
5 28 52 1 C G
5 29 48 1 G C
5 30 47 1 G C
5 31 46 1 G C
5 32 45 1 G C
5 33 1
5 34 1
5 35 1
5 36 1
5 37 1
5 38 1
5 39 1
5 40 1
5 41 1
5 42 1
5 43 1
5 44 1
5 49 1
5 50 1
5 51 1
5 54 1
5 55 1
5 56 1
5 57 1
5 64 1
5 67 1
5 68 109 1 C G
5 69 108 1 U A
5 70 107 1 G C
5 71 106 1 G C
5 72 1
5 73 1
5 74 1
5 75 1
5 76 1
5 77 1
5 78 1
5 79 99 1 G C
5 80 98 1 U G
5 81 97 1 U A
5 82 96 1 G C
5 83 95 1 G C
5 84 1
5 85 94 1 U A
5 86 93 1 C G
5 87 92 1 G C
5 88 1
5 89 1
5 90 1
5 91 1
5 100 1
5 101 1
5 102 1
5 103 1
5 104 1
5 105 1
5 110 1
9.16397
1 w5 0
2 w5 0
3 w5 0
4 w5 0
5 w5 0
6 w5 0
7 w5 0
8 w5 0
9 w5 0
10 w5 0
11 w5 0
12 w5 0
13 w5 0
14 w5 0
15 w5 0
16 w5 0
17 w5 0
18 w5 0
19 w5 0
20 w5 0
21 w5 0
22 w5 0
23 w5 0
24 w5 0
25 w5 0
26 w5 0
27 w5 0
28 w5 0
29 w5 0
30 w5 0
31 w5 0
32 w5 0
33 w5 0
34 w5 0
35 w5 0
36 w5 0
37 w5 0
38 w5 0
39 w5 0
40 w5 0
41 w5 0
42 w5 0
43 w5 0
44 w5 0
45 w5 0
46 w5 0
47 w5 0
48 w5 0
49 w5 0
50 w5 0
51 w5 0
52 w5 0
53 w5 0
54 w5 0
55 w5 0
56 w5 0
57 w5 0
58 w5 0
59 w5 0
60 w5 0
61 w5 0
62 w5 0
63 w5 0
64 w5 0
65 w5 0
66 w5 0
67 w5 0
68 w5 0
69 w5 0
70 w5 0
71 w5 0
72 w5 0
73 w5 0
74 w5 0
75 w5 0
76 w5 0
77 w5 0
78 w5 0
79 w5 0
80 w5 0
81 w5 0
82 w5 0
83 w5 0
84 w5 0
85 w5 0
86 w5 0
87 w5 0
88 w5 0
89 w5 0
90 w5 0
91 w5 0
92 w5 0
93 w5 0
94 w5 0
95 w5 0
96 w5 0
97 w5 0
98 w5 0
99 w5 0
100 w5 0
101 w5 0
102 w5 0
103 w5 0
104 w5 0
105 w5 0
106 w5 0
107 w5 0
108 w5 0
109 w5 0
110 w5 0
111 w5 0
112 w5 0
113 w5 0
114 w5 0
115 w5 0
116 w5 0
117 w5 0
118 w5 0
119 w5 9.16397
partition -40.3428
eq -38.8312
/scratch/yfu7/Projects/TurboFold/Scripts/RNAstructure_git/conserved_training/Fusarium_asiaticum_5_Cryptococcus_humicola_1.fasta
sequence1 --A-CAU-ACGACCAUACCUA-C-C-AG-AAAAUACGGGAUCCCGUCC-GCUCUCCCAUAGUCAAGCUGGUAAGGGGCGG-AU-UAGUAGUUGGGUCGGUGACG-ACCAGCGAAUCCC---C---GCUGUUGUAUGU---
sequence2 --A-UCC-ACGGCCAUAGGAC-U-C-AG-AAAAUACCGCAUCCCGUCC-GAUCUGCGA-AGUCUAGCUGAGUACCGCCUA-GU-UAGUACCAUGGUGGGGGACC-ACAUGGGAAUCCU---G---GGUGUCGUGGUU---
254.538
1 w5 0.6
2 w5 0.36
3 w5 0.216
4 w5 0.1296
5 w5 0.07776
6 w5 0.046656
7 w5 0.0279936
8 w5 0.0167962
9 w5 0.0100777
10 w5 0.00604662
11 w5 0.00362797
12 w5 0.00217678
13 w5 0.00130607
14 w5 0.000783642
15 w5 0.000470185
16 w5 0.000282122
17 w5 0.000169357
18 w5 0.000101687
19 w5 6.10124e-05
20 w5 3.66099e-05
21 w5 2.2121e-05
22 w5 1.3864e-05
23 w5 8.31842e-06
24 w5 4.99105e-06
25 w5 2.99485e-06
26 w5 1.79804e-06
27 w5 1.08024e-06
28 w5 6.48328e-07
29 w5 3.94252e-07
30 w5 3.3398e-07
31 w5 6.32223e-07
32 w5 6.37721e-07
33 w5 3.87297e-07
34 w5 2.36414e-07
35 w5 1.41848e-07
36 w5 8.51089e-08
37 w5 5.10763e-08
38 w5 3.07094e-08
39 w5 1.84698e-08
40 w5 1.10819e-08
41 w5 6.64912e-09
42 w5 3.98947e-09
43 w5 2.39369e-09
44 w5 1.43622e-09
45 w5 8.62248e-10
46 w5 5.23518e-10
47 w5 6.87982e-10
48 w5 5.89079e-09
49 w5 3.2576e-08
50 w5 1.96186e-08
51 w5 1.18974e-08
52 w5 7.1796e-09
53 w5 4.3866e-09
54 w5 2.68711e-09
55 w5 1.61227e-09
56 w5 9.67361e-10
57 w5 5.80421e-10
58 w5 3.48965e-10
59 w5 2.13316e-10
60 w5 2.07713e-10
61 w5 1.24826e-08
62 w5 1.09616e-07
63 w5 5.82965e-07
64 w5 1.25333e-06
65 w5 7.99346e-07
66 w5 8.1258e-06
67 w5 3.46281e-05
68 w5 2.73624e-05
69 w5 2.8973e-05
70 w5 0.000156263
71 w5 0.000568176
72 w5 0.000345477
73 w5 0.000212632
74 w5 0.000127585
75 w5 7.65525e-05
76 w5 4.60855e-05
77 w5 2.78958e-05
78 w5 1.6739e-05
79 w5 1.0049e-05
80 w5 6.06541e-06
81 w5 3.64834e-06
82 w5 2.19693e-06
83 w5 1.33661e-06
84 w5 8.0258e-07
85 w5 4.85338e-07
86 w5 3.36916e-07
87 w5 2.14316e-07
88 w5 1.3125e-07
89 w5 7.88554e-08
90 w5 4.74862e-08
91 w5 2.88968e-08
92 w5 1.77865e-08
93 w5 1.90742e-08
94 w5 1.21757e-07
95 w5 2.24346e-07
96 w5 2.93336e-06
97 w5 4.90507e-05
98 w5 0.00012541
99 w5 0.00326799
100 w5 0.0221061
101 w5 0.0132814
102 w5 0.00802026
103 w5 0.00503812
104 w5 0.00320524
105 w5 0.001941
106 w5 0.00123279
107 w5 0.000808426
108 w5 0.0011904
109 w5 0.0741746
110 w5 0.100212
111 w5 0.0688589
112 w5 0.050154
113 w5 0.036126
114 w5 0.0296475
115 w5 0.0796718
116 w5 0.407952
117 w5 1.55872
118 w5 52.0785
119 w5 254.538
6 1 119 1 A U
6 2 118 1 C G
6 3 117 1 A U
6 4 116 1 U A
6 5 115 1 A U
6 6 114 1 C G
6 7 113 1 G U
6 8 112 1 A U
6 9 111 1 C G
6 10 1
6 11 1
6 12 1
6 13 1
6 14 66 1 C G
6 15 65 1 C G
6 16 63 1 U A
6 17 62 1 A U
6 18 61 1 C G
6 19 60 1 C G
6 20 59 1 A U
6 21 58 1 G C
6 22 1
6 23 1
6 24 1
6 25 1
6 26 1
6 27 53 1 A U
6 28 52 1 C G
6 29 48 1 G C
6 30 47 1 G C
6 31 46 1 G C
6 32 45 1 A U
6 33 1
6 34 1
6 35 1
6 36 1
6 37 1
6 38 1
6 39 1
6 40 1
6 41 1
6 42 1
6 43 1
6 44 1
6 49 1
6 50 1
6 51 1
6 54 1
6 55 1
6 56 1
6 57 1
6 64 1
6 67 1
6 68 109 1 G C
6 69 108 1 C G
6 70 107 1 G C
6 71 106 1 G C
6 72 1
6 73 1
6 74 1
6 75 1
6 76 1
6 77 1
6 78 1
6 79 99 1 G C
6 80 98 1 U G
6 81 97 1 U A
6 82 96 1 G C
6 83 95 1 G C
6 84 1
6 85 94 1 U A
6 86 93 1 C G
6 87 92 1 G C
6 88 1
6 89 1
6 90 1
6 91 1
6 100 1
6 101 1
6 102 1
6 103 1
6 104 1
6 105 1
6 110 1
23.3482
1 w5 0
2 w5 0
3 w5 0
4 w5 0
5 w5 0
6 w5 0
7 w5 0
8 w5 0
9 w5 0
10 w5 0
11 w5 0
12 w5 0
13 w5 0
14 w5 0
15 w5 0
16 w5 0
17 w5 0
18 w5 0
19 w5 0
20 w5 0
21 w5 0
22 w5 0
23 w5 0
24 w5 0
25 w5 0
26 w5 0
27 w5 0
28 w5 0
29 w5 0
30 w5 0
31 w5 0
32 w5 0
33 w5 0
34 w5 0
35 w5 0
36 w5 0
37 w5 0
38 w5 0
39 w5 0
40 w5 0
41 w5 0
42 w5 0
43 w5 0
44 w5 0
45 w5 0
46 w5 0
47 w5 0
48 w5 0
49 w5 0
50 w5 0
51 w5 0
52 w5 0
53 w5 0
54 w5 0
55 w5 0
56 w5 0
57 w5 0
58 w5 0
59 w5 0
60 w5 0
61 w5 0
62 w5 0
63 w5 0
64 w5 0
65 w5 0
66 w5 0
67 w5 0
68 w5 0
69 w5 0
70 w5 0
71 w5 0
72 w5 0
73 w5 0
74 w5 0
75 w5 0
76 w5 0
77 w5 0
78 w5 0
79 w5 0
80 w5 0
81 w5 0
82 w5 0
83 w5 0
84 w5 0
85 w5 0
86 w5 0
87 w5 0
88 w5 0
89 w5 0
90 w5 0
91 w5 0
92 w5 0
93 w5 0
94 w5 0
95 w5 0
96 w5 0
97 w5 0
98 w5 0
99 w5 0
100 w5 0
101 w5 0
102 w5 0
103 w5 0
104 w5 0
105 w5 0
106 w5 0
107 w5 0
108 w5 0
109 w5 0
110 w5 0
111 w5 0
112 w5 0
113 w5 0
114 w5 0
115 w5 0
116 w5 0
117 w5 0
118 w5 0
119 w5 23.3482
partition -40.88
eq -39.4076
/scratch/yfu7/Projects/TurboFold/Scripts/RNAstructure_git/conserved_training/Blastocladiella_simplex_1_Mortierella_formosensis_1.fasta
sequence1 --A-GCU-ACGGCCAUACACA-C-C-AG-AAAGCUCCGCAUCCCGUCC-GAUCUGCGA-AGAUAAUCUGGUGCUGGCGCG-GU-CAGUACUGUCGUGGGAGACC-AGAUGGGAAUACC---G---CGUGCUGUAGUU---
sequence2 --AAAUU-ACGGCCAUACACA-G-G-AG-AAAGCUCCGCAUCCCGUUC-GAUCUGCGC-AGAUAACCUCCUGAUGGCAGG-GU-CAGUACUAUGGUGGGGGACC-ACAUGGGAAUACC---C---UGUGCUGUAAUUU--
6.56343e+06
1 w5 0.6
2 w5 0.36
3 w5 0.216
4 w5 0.1296
5 w5 0.07776
6 w5 0.046656
7 w5 0.0279936
8 w5 0.0172222
9 w5 0.0747815
10 w5 0.184618
11 w5 0.110771
12 w5 0.0664625
13 w5 0.0398775
14 w5 0.0239265
15 w5 0.0143559
16 w5 0.00861354
17 w5 0.00516812
18 w5 0.00310091
19 w5 0.00186692
20 w5 0.00115914
21 w5 0.000696237
22 w5 0.000420322
23 w5 0.000252193
24 w5 0.000151316
25 w5 9.07895e-05
26 w5 5.44737e-05
27 w5 3.26974e-05
28 w5 1.97289e-05
29 w5 1.20255e-05
30 w5 7.38547e-06
31 w5 4.65593e-06
32 w5 2.88696e-06
33 w5 1.73235e-06
34 w5 1.03952e-06
35 w5 6.23711e-07
36 w5 3.74227e-07
37 w5 2.24661e-07
38 w5 1.37235e-07
39 w5 8.43892e-08
40 w5 5.06335e-08
41 w5 3.04392e-08
42 w5 1.96343e-08
43 w5 1.29521e-08
44 w5 7.78186e-09
45 w5 4.73121e-09
46 w5 3.84535e-09
47 w5 1.13486e-08
48 w5 2.9981e-07
49 w5 1.03636e-06
50 w5 6.21818e-07
51 w5 3.73936e-07
52 w5 2.39536e-07
53 w5 1.63113e-07
54 w5 9.78725e-08
55 w5 5.87279e-08
56 w5 3.52544e-08
57 w5 2.15479e-08
58 w5 1.63298e-08
59 w5 1.09863e-07
60 w5 1.56222e-05
61 w5 0.00014909
62 w5 0.00611053
63 w5 0.0121543
64 w5 0.0074053
65 w5 0.0103592
66 w5 0.0291612
67 w5 0.0174969
68 w5 0.010502
69 w5 0.0064202
70 w5 0.00491071
71 w5 0.00443545
72 w5 0.0135097
73 w5 0.0157531
74 w5 0.00945185
75 w5 0.00567143
76 w5 0.00340291
77 w5 0.00204178
78 w5 0.00122608
79 w5 0.000741161
80 w5 0.000465882
81 w5 0.000568739
82 w5 0.000571634
83 w5 0.000384436
84 w5 0.000231766
85 w5 0.000147948
86 w5 0.00010046
87 w5 0.000285368
88 w5 0.000183967
89 w5 0.000110431
90 w5 6.62751e-05
91 w5 3.98903e-05
92 w5 3.51285e-05
93 w5 0.00031729
94 w5 0.00040841
95 w5 0.000368128
96 w5 0.000687264
97 w5 0.00116421
98 w5 0.00869084
99 w5 0.036037
100 w5 0.021672
101 w5 0.0130533
102 w5 0.00824668
103 w5 0.0055966
104 w5 0.00338955
105 w5 0.0035616
106 w5 0.0428297
107 w5 5.43139
108 w5 1150.31
109 w5 1970.84
110 w5 1776.48
111 w5 1069.36
112 w5 660.127
113 w5 538.882
114 w5 1355.41
115 w5 6031.95
116 w5 181985
117 w5 3.34841e+06
118 w5 6.56343e+06
7 1 118 1 A U
7 2 117 1 G U
7 3 116 1 C G
7 4 115 1 U A
7 5 114 1 A U
7 6 113 1 C G
7 7 112 1 G U
7 8 111 1 G C
7 9 110 1 C G
7 10 1
7 11 1
7 12 1
7 13 1
7 14 65 1 C G
7 15 64 1 A U
7 16 62 1 C G
7 17 61 1 A U
7 18 60 1 C G
7 19 59 1 C G
7 20 58 1 A U
7 21 57 1 G C
7 22 1
7 23 1
7 24 1
7 25 1
7 26 1
7 27 52 1 U A
7 28 51 1 C G
7 29 48 1 C G
7 30 47 1 G C
7 31 46 1 C G
7 32 45 1 A U
7 33 1
7 34 1
7 35 1
7 36 1
7 37 1
7 38 1
7 39 1
7 40 1
7 41 1
7 42 1
7 43 1
7 44 1
7 49 1
7 50 1
7 53 1
7 54 1
7 55 1
7 56 1
7 63 1
7 66 1
7 67 108 1 C G
7 68 107 1 G C
7 69 106 1 C G
7 70 105 1 G C
7 71 104 1 G C
7 72 103 1 U A
7 73 1
7 74 1
7 75 1
7 76 1
7 77 1
7 78 98 1 C G
7 79 97 1 U G
7 80 96 1 G U
7 81 95 1 U A
7 82 94 1 C G
7 83 1
7 84 93 1 U A
7 85 92 1 G C
7 86 91 1 G C
7 87 1
7 88 1
7 89 1
7 90 1
7 99 1
7 100 1
7 101 1
7 102 1
7 109 1
1235.34
1 w5 0
2 w5 0
3 w5 0
4 w5 0
5 w5 0
6 w5 0
7 w5 0
8 w5 0
9 w5 0
10 w5 0
11 w5 0
12 w5 0
13 w5 0
14 w5 0
15 w5 0
16 w5 0
17 w5 0
18 w5 0
19 w5 0
20 w5 0
21 w5 0
22 w5 0
23 w5 0
24 w5 0
25 w5 0
26 w5 0
27 w5 0
28 w5 0
29 w5 0
30 w5 0
31 w5 0
32 w5 0
33 w5 0
34 w5 0
35 w5 0
36 w5 0
37 w5 0
38 w5 0
39 w5 0
40 w5 0
41 w5 0
42 w5 0
43 w5 0
44 w5 0
45 w5 0
46 w5 0
47 w5 0
48 w5 0
49 w5 0
50 w5 0
51 w5 0
52 w5 0
53 w5 0
54 w5 0
55 w5 0
56 w5 0
57 w5 0
58 w5 0
59 w5 0
60 w5 0
61 w5 0
62 w5 0
63 w5 0
64 w5 0
65 w5 0
66 w5 0
67 w5 0
68 w5 0
69 w5 0
70 w5 0
71 w5 0
72 w5 0
73 w5 0
74 w5 0
75 w5 0
76 w5 0
77 w5 0
78 w5 0
79 w5 0
80 w5 0
81 w5 0
82 w5 0
83 w5 0
84 w5 0
85 w5 0
86 w5 0
87 w5 0
88 w5 0
89 w5 0
90 w5 0
91 w5 0
92 w5 0
93 w5 0
94 w5 0
95 w5 0
96 w5 0
97 w5 0
98 w5 0
99 w5 0
100 w5 0
101 w5 0
102 w5 0
103 w5 0
104 w5 0
105 w5 0
106 w5 0
107 w5 0
108 w5 0
109 w5 0
110 w5 0
111 w5 0
112 w5 0
113 w5 0
114 w5 0
115 w5 0
116 w5 0
117 w5 0
118 w5 1235.34
partition -46.8256
eq -41.5388
/scratch/yfu7/Projects/TurboFold/Scripts/RNAstructure_git/conserved_training/Euglena_gracilis_1_Samia_cynthia_ricini_1.fasta
sequence1 --G-CGU-ACGGCCAUACUAC-C-G-GG-AAUACACCUGAACCCGUUC-GAUUUCAGA-AGUUAAGCCUGGUCAGGCCCA-GU-UAGUACUGAGGUGGGCGACC-ACUUGGGAACACU---G---GGUGCUGUACGCUU-
sequence2 --G-CCA-ACGUCCAUACCAC-G-U-UG-AAAACACCGGUUCUCGUCC-GAUCACCGA-AGUUAAGCAACGUCGGGCGCG-GU-CAGUACUUGGAUGGGUGACC-GCCUGGGAACACC---G---CGUGUUGUUGGCUU-
3.31053e+07
1 w5 0.6
2 w5 0.36
3 w5 0.216
4 w5 0.1296
5 w5 0.07776
6 w5 0.046656
7 w5 0.0279936
8 w5 0.0167962
9 w5 0.0100964
10 w5 0.00609904
11 w5 0.00365942
12 w5 0.00219565
13 w5 0.00131739
14 w5 0.000790758
15 w5 0.000475779
16 w5 0.000285733
17 w5 0.000177773
18 w5 0.000120427
19 w5 8.02397e-05
20 w5 7.84305e-05
21 w5 4.90914e-05
22 w5 3.10362e-05
23 w5 1.86494e-05
24 w5 1.13327e-05
25 w5 6.96917e-06
26 w5 4.18627e-06
27 w5 2.51178e-06
28 w5 1.54506e-06
29 w5 3.39557e-06
30 w5 9.9012e-06
31 w5 5.36921e-05
32 w5 0.00011552
33 w5 6.9312e-05
34 w5 4.15876e-05
35 w5 2.49538e-05
36 w5 1.49728e-05
37 w5 8.98614e-06
38 w5 5.41663e-06
39 w5 3.2658e-06
40 w5 1.95958e-06
41 w5 1.17575e-06
42 w5 7.05504e-07
43 w5 4.239e-07
44 w5 2.54809e-07
45 w5 1.52965e-07
46 w5 9.21563e-08
47 w5 5.63049e-08
48 w5 3.56404e-08
49 w5 2.68641e-08
50 w5 1.61513e-08
51 w5 9.73034e-09
52 w5 5.92329e-09
53 w5 3.61547e-09
54 w5 2.17586e-09
55 w5 1.31434e-09
56 w5 7.90309e-10
57 w5 4.81549e-10
58 w5 7.60659e-10
59 w5 2.47652e-09
60 w5 2.27291e-08
61 w5 1.50329e-06
62 w5 1.33875e-05
63 w5 1.66604e-05
64 w5 1.01112e-05
65 w5 1.34416e-05
66 w5 3.64203e-05
67 w5 2.18526e-05
68 w5 1.31157e-05
69 w5 7.88102e-06
70 w5 4.75604e-06
71 w5 2.88967e-06
72 w5 1.90516e-06
73 w5 1.2446e-06
74 w5 7.47031e-07
75 w5 4.48587e-07
76 w5 2.69206e-07
77 w5 1.61602e-07
78 w5 9.72049e-08
79 w5 6.15942e-08
80 w5 7.28605e-08
81 w5 7.50629e-08
82 w5 5.8293e-08
83 w5 8.14129e-08
84 w5 4.97306e-08
85 w5 3.14293e-08
86 w5 4.20056e-08
87 w5 6.7822e-08
88 w5 5.13178e-08
89 w5 3.83073e-08
90 w5 2.4629e-08
91 w5 1.48065e-08
92 w5 1.13066e-08
93 w5 2.1496e-07
94 w5 1.73814e-07
95 w5 1.28156e-07
96 w5 1.15992e-07
97 w5 1.24632e-07
98 w5 6.51875e-07
99 w5 2.58156e-06
100 w5 1.54965e-06
101 w5 9.3366e-07
102 w5 7.5086e-07
103 w5 1.72178e-06
104 w5 1.06391e-06
105 w5 9.77127e-07
106 w5 1.12726e-05
107 w5 0.0016513
108 w5 1.14112
109 w5 2.04558
110 w5 1.86742
111 w5 1.15041
112 w5 1.01155
113 w5 4.73659
114 w5 34.8798
115 w5 194.362
116 w5 7096.95
117 w5 228963
118 w5 1.19205e+07
119 w5 5.51756e+07
120 w5 3.31053e+07
8 1 118 1 G C
8 2 117 1 C G
8 3 116 1 G C
8 4 115 1 U A
8 5 114 1 A U
8 6 113 1 C G
8 7 112 1 G U
8 8 111 1 G C
8 9 110 1 C G
8 10 1
8 11 1
8 12 1
8 13 1
8 14 65 1 C G
8 15 64 1 U A
8 16 62 1 A U
8 17 61 1 C G
8 18 60 1 C G
8 19 59 1 G U
8 20 58 1 G C
8 21 57 1 G C
8 22 1
8 23 1
8 24 1
8 25 1
8 26 1
8 27 52 1 A U
8 28 51 1 C G
8 29 48 1 C G
8 30 47 1 U A
8 31 46 1 G C
8 32 45 1 A U
8 33 1
8 34 1
8 35 1
8 36 1
8 37 1
8 38 1
8 39 1
8 40 1
8 41 1
8 42 1
8 43 1
8 44 1
8 49 1
8 50 1
8 53 1
8 54 1
8 55 1
8 56 1
8 63 1
8 66 1
8 67 108 1 C G
8 68 107 1 C G
8 69 106 1 C G
8 70 105 1 A U
8 71 104 1 G C
8 72 103 1 U A
8 73 1
8 74 1
8 75 1
8 76 1
8 77 1
8 78 98 1 C G
8 79 97 1 U G
8 80 96 1 G U
8 81 95 1 A U
8 82 94 1 G C
8 83 1
8 84 93 1 U A
8 85 92 1 G C
8 86 91 1 G C
8 87 1
8 88 1
8 89 1
8 90 1
8 99 1
8 100 1
8 101 1
8 102 1
8 109 1
8 119 1
8 120 1
34280.7
1 w5 0
2 w5 0
3 w5 0
4 w5 0
5 w5 0
6 w5 0
7 w5 0
8 w5 0
9 w5 0
10 w5 0
11 w5 0
12 w5 0
13 w5 0
14 w5 0
15 w5 0
16 w5 0
17 w5 0
18 w5 0
19 w5 0
20 w5 0
21 w5 0
22 w5 0
23 w5 0
24 w5 0
25 w5 0
26 w5 0
27 w5 0
28 w5 0
29 w5 0
30 w5 0
31 w5 0
32 w5 0
33 w5 0
34 w5 0
35 w5 0
36 w5 0
37 w5 0
38 w5 0
39 w5 0
40 w5 0
41 w5 0
42 w5 0
43 w5 0
44 w5 0
45 w5 0
46 w5 0
47 w5 0
48 w5 0
49 w5 0
50 w5 0
51 w5 0
52 w5 0
53 w5 0
54 w5 0
55 w5 0
56 w5 0
57 w5 0
58 w5 0
59 w5 0
60 w5 0
61 w5 0
62 w5 0
63 w5 0
64 w5 0
65 w5 0
66 w5 0
67 w5 0
68 w5 0
69 w5 0
70 w5 0
71 w5 0
72 w5 0
73 w5 0
74 w5 0
75 w5 0
76 w5 0
77 w5 0
78 w5 0
79 w5 0
80 w5 0
81 w5 0
82 w5 0
83 w5 0
84 w5 0
85 w5 0
86 w5 0
87 w5 0
88 w5 0
89 w5 0
90 w5 0
91 w5 0
92 w5 0
93 w5 0
94 w5 0
95 w5 0
96 w5 0
97 w5 0
98 w5 0
99 w5 0
100 w5 0
101 w5 0
102 w5 0
103 w5 0
104 w5 0
105 w5 0
106 w5 0
107 w5 0
108 w5 0
109 w5 0
110 w5 0
111 w5 0
112 w5 0
113 w5 0
114 w5 0
115 w5 0
116 w5 0
117 w5 0
118 w5 11891.7
119 w5 57134.5
120 w5 34280.7
partition -48.4527
eq -44.2167
/scratch/yfu7/Projects/TurboFold/Scripts/RNAstructure_git/conserved_training/Phlyctochytrium_irregulare_1_Drosophila_mauritiana_1.fasta
sequence1 --A-GCU-ACGGCCAUACAUA-G-A-UG-AAAAUACCGGAUCCCGUCC-GAUCUCCGA-AGUCAAGCAUCUAAUGGCGAC-GU-CAGUACUGUGAUGGGGGACC-GCACGGGAAUACG---U---CGUGCUGUAGUU---
sequence2 --G-CCA-ACGACCAUACCAC-G-C-UG-AAUACAUCGGUUCUCGUCC-GAUCACCGA-AAUUAAGCAGCGUCGGGCGCG-GU-UAGUACUUAGAUGGGGGACC-GCUUGGGAACACC---G---CGUGUUGUUGGCCU-
1793.87
1 w5 0.6
2 w5 0.36
3 w5 0.216
4 w5 0.1296
5 w5 0.07776
6 w5 0.046656
7 w5 0.0279936
8 w5 0.0172222
9 w5 0.0747815
10 w5 0.184618
11 w5 0.110771
12 w5 0.0664625
13 w5 0.0398775
14 w5 0.0239265
15 w5 0.0143559
16 w5 0.00861355
17 w5 0.00516819
18 w5 0.00310313
19 w5 0.00186941
20 w5 0.00112182
21 w5 0.000686091
22 w5 0.000439634
23 w5 0.000263781
24 w5 0.000158268
25 w5 9.4973e-05
26 w5 5.72882e-05
27 w5 3.45427e-05
28 w5 2.0738e-05
29 w5 1.2478e-05
30 w5 8.50096e-06
31 w5 8.04039e-06
32 w5 4.85727e-06
33 w5 2.91581e-06
34 w5 1.74972e-06
35 w5 1.04983e-06
36 w5 6.29901e-07
37 w5 3.77959e-07
38 w5 2.27094e-07
39 w5 1.36404e-07
40 w5 8.18422e-08
41 w5 4.92053e-08
42 w5 3.16563e-08
43 w5 2.09482e-08
44 w5 1.25873e-08
45 w5 7.64639e-09
46 w5 5.27922e-09
47 w5 1.38311e-08
48 w5 3.48852e-07
49 w5 1.32323e-06
50 w5 7.93936e-07
51 w5 4.78044e-07
52 w5 3.0132e-07
53 w5 1.90944e-07
54 w5 1.14567e-07
55 w5 6.87401e-08
56 w5 4.12441e-08
57 w5 2.48169e-08
58 w5 1.58611e-08
59 w5 1.17251e-08
60 w5 9.9272e-08
61 w5 1.06534e-06
62 w5 5.86785e-06
63 w5 1.01895e-05
64 w5 6.15703e-06
65 w5 5.64682e-06
66 w5 1.09629e-05
67 w5 6.57781e-06
68 w5 3.94789e-06
69 w5 2.37043e-06
70 w5 1.42647e-06
71 w5 9.64607e-07
72 w5 7.18715e-07
73 w5 4.9392e-07
74 w5 2.96352e-07
75 w5 1.77812e-07
76 w5 1.06734e-07
77 w5 6.40701e-08
78 w5 3.85122e-08
79 w5 2.33719e-08
80 w5 1.41847e-08
81 w5 8.5919e-09
82 w5 5.28242e-09
83 w5 3.29701e-09
84 w5 1.98031e-09
85 w5 1.22756e-09
86 w5 7.84296e-10
87 w5 5.18279e-10
88 w5 3.13295e-10
89 w5 1.89135e-10
90 w5 1.14632e-10
91 w5 6.99667e-11
92 w5 1.4599e-10
93 w5 1.56482e-09
94 w5 1.83955e-09
95 w5 2.53768e-09
96 w5 3.38924e-08
97 w5 3.31096e-07
98 w5 5.17381e-06
99 w5 2.22537e-05
100 w5 1.3405e-05
101 w5 8.07447e-06
102 w5 5.11252e-06
103 w5 3.47644e-06
104 w5 2.16109e-06
105 w5 4.38168e-06
106 w5 2.88666e-05
107 w5 0.00135478
108 w5 0.254654
109 w5 0.520315
110 w5 0.55406
111 w5 0.333635
112 w5 0.205302
113 w5 0.162556
114 w5 0.38008
115 w5 1.65447
116 w5 49.7424
117 w5 915.164
118 w5 1793.87
9 1 118 1 A U
9 2 117 1 G U
9 3 116 1 C G
9 4 115 1 U A
9 5 114 1 A U
9 6 113 1 C G
9 7 112 1 G U
9 8 111 1 G C
9 9 110 1 C G
9 10 1
9 11 1
9 12 1
9 13 1
9 14 65 1 C G
9 15 64 1 A U
9 16 62 1 U A
9 17 61 1 A U
9 18 60 1 G C
9 19 59 1 A U
9 20 58 1 U A
9 21 57 1 G C
9 22 1
9 23 1
9 24 1
9 25 1
9 26 1
9 27 52 1 A U
9 28 51 1 C G
9 29 48 1 C G
9 30 47 1 G C
9 31 46 1 G C
9 32 45 1 A U
9 33 1
9 34 1
9 35 1
9 36 1
9 37 1
9 38 1
9 39 1
9 40 1
9 41 1
9 42 1
9 43 1
9 44 1
9 49 1
9 50 1
9 53 1
9 54 1
9 55 1
9 56 1
9 63 1
9 66 1
9 67 108 1 C G
9 68 107 1 G C
9 69 106 1 A U
9 70 105 1 C G
9 71 104 1 G C
9 72 103 1 U A
9 73 1
9 74 1
9 75 1
9 76 1
9 77 1
9 78 98 1 C G
9 79 97 1 U G
9 80 96 1 G C
9 81 95 1 U A
9 82 94 1 G C
9 83 1
9 84 93 1 U G
9 85 92 1 G C
9 86 91 1 G C
9 87 1
9 88 1
9 89 1
9 90 1
9 99 1
9 100 1
9 101 1
9 102 1
9 109 1
5.81055
1 w5 0
2 w5 0
3 w5 0
4 w5 0
5 w5 0
6 w5 0
7 w5 0
8 w5 0
9 w5 0
10 w5 0
11 w5 0
12 w5 0
13 w5 0
14 w5 0
15 w5 0
16 w5 0
17 w5 0
18 w5 0
19 w5 0
20 w5 0
21 w5 0
22 w5 0
23 w5 0
24 w5 0
25 w5 0
26 w5 0
27 w5 0
28 w5 0
29 w5 0
30 w5 0
31 w5 0
32 w5 0
33 w5 0
34 w5 0
35 w5 0
36 w5 0
37 w5 0
38 w5 0
39 w5 0
40 w5 0
41 w5 0
42 w5 0
43 w5 0
44 w5 0
45 w5 0
46 w5 0
47 w5 0
48 w5 0
49 w5 0
50 w5 0
51 w5 0
52 w5 0
53 w5 0
54 w5 0
55 w5 0
56 w5 0
57 w5 0
58 w5 0
59 w5 0
60 w5 0
61 w5 0
62 w5 0
63 w5 0
64 w5 0
65 w5 0
66 w5 0
67 w5 0
68 w5 0
69 w5 0
70 w5 0
71 w5 0
72 w5 0
73 w5 0
74 w5 0
75 w5 0
76 w5 0
77 w5 0
78 w5 0
79 w5 0
80 w5 0
81 w5 0
82 w5 0
83 w5 0
84 w5 0
85 w5 0
86 w5 0
87 w5 0
88 w5 0
89 w5 0
90 w5 0
91 w5 0
92 w5 0
93 w5 0
94 w5 0
95 w5 0
96 w5 0
97 w5 0
98 w5 0
99 w5 0
100 w5 0
101 w5 0
102 w5 0
103 w5 0
104 w5 0
105 w5 0
106 w5 0
107 w5 0
108 w5 0
109 w5 0
110 w5 0
111 w5 0
112 w5 0
113 w5 0
114 w5 0
115 w5 0
116 w5 0
117 w5 0
118 w5 5.81055
partition -41.7687
eq -38.2356
/scratch/yfu7/Projects/TurboFold/Scripts/RNAstructure_git/conserved_training/tdbD00006264_tdbD00008080.fasta
sequence1 -GCGTCATTAGCTCAATT-GGT--AGAGCATCTGACTCTTAATCAGAGG-------------------GTTCGGGGTTCGATTCCCTGATGACGCACCA
sequence2 -CGGACTGTAGCGCAGCTTGGT--AGCGCACCGTCATGGGGTGTCGGGG-------------------GTCGGAGGTTCAAATCCTCTCAGTCCGACCA
391.85
1 w5 0.6
2 w5 0.36
3 w5 0.216
4 w5 0.1296
5 w5 0.07776
6 w5 0.046656
7 w5 0.0279936
8 w5 0.0167962
9 w5 0.0100777
10 w5 0.00608308
11 w5 0.00602863
12 w5 0.0132879
13 w5 0.00797276
14 w5 0.00478379
15 w5 0.00287056
16 w5 0.00172234
17 w5 0.00103342
18 w5 0.000620174
19 w5 0.000372276
20 w5 0.000223371
21 w5 0.000134074
22 w5 8.08141e-05
23 w5 6.01353e-05
24 w5 7.02017e-05
25 w5 0.00389117
26 w5 0.0283227
27 w5 0.017004
28 w5 0.0102115
29 w5 0.00613028
30 w5 0.0036832
31 w5 0.00221183
32 w5 0.00132885
33 w5 0.000797338
34 w5 0.000478424
35 w5 0.000287069
36 w5 0.000172285
37 w5 0.000103445
38 w5 6.2078e-05
39 w5 3.72507e-05
40 w5 2.25218e-05
41 w5 1.63621e-05
42 w5 7.35046e-05
43 w5 0.00565324
44 w5 0.00519535
45 w5 0.00311745
46 w5 0.00187116
47 w5 0.00112329
48 w5 0.000673994
49 w5 0.000404453
50 w5 0.000244377
51 w5 0.000154493
52 w5 9.48657e-05
53 w5 6.26839e-05
54 w5 4.77873e-05
55 w5 2.95712e-05
56 w5 2.74023e-05
57 w5 0.00010353
58 w5 6.21287e-05
59 w5 3.73349e-05
60 w5 2.25054e-05
61 w5 1.36466e-05
62 w5 9.05337e-06
63 w5 9.36255e-05
64 w5 0.000597402
65 w5 0.00332804
66 w5 0.0144496
67 w5 0.00876376
68 w5 0.0064137
69 w5 0.0097478
70 w5 0.115736
71 w5 3.6068
72 w5 187.656
73 w5 1814.12
74 w5 1088.47
75 w5 653.083
76 w5 391.85
10 1 72 1 G C
10 2 71 1 C G
10 3 70 1 G C
10 4 69 1 T A
10 5 68 1 C G
10 6 67 1 A T
10 7 66 1 T A
10 8 1
10 9 1
10 10 25 1 G C
10 11 24 1 C G
10 12 23 1 T A
10 13 22 1 C G
10 14 1
10 15 1
10 16 1
10 17 1
10 18 1
10 19 1
10 20 1
10 21 1
10 26 1
10 27 43 1 T A
10 28 42 1 C G
10 29 41 1 T A
10 30 40 1 G C
10 31 39 1 A T
10 32 1
10 33 1
10 34 1
10 35 1
10 36 1
10 37 1
10 38 1
10 44 1
10 45 1
10 46 1
10 47 1
10 48 1
10 49 65 1 C G
10 50 64 1 G T
10 51 63 1 G C
10 52 62 1 G C
10 53 61 1 G C
10 54 1
10 55 1
10 56 1
10 57 1
10 58 1
10 59 1
10 60 1
10 73 1
10 74 1
10 75 1
10 76 1
78.7733
1 w5 0
2 w5 0
3 w5 0
4 w5 0
5 w5 0
6 w5 0
7 w5 0
8 w5 0
9 w5 0
10 w5 0
11 w5 0
12 w5 0
13 w5 0
14 w5 0
15 w5 0
16 w5 0
17 w5 0
18 w5 0
19 w5 0
20 w5 0
21 w5 0
22 w5 0
23 w5 0
24 w5 0
25 w5 0
26 w5 0
27 w5 0
28 w5 0
29 w5 0
30 w5 0
31 w5 0
32 w5 0
33 w5 0
34 w5 0
35 w5 0
36 w5 0
37 w5 0
38 w5 0
39 w5 0
40 w5 0
41 w5 0
42 w5 0
43 w5 0
44 w5 0
45 w5 0
46 w5 0
47 w5 0
48 w5 0
49 w5 0
50 w5 0
51 w5 0
52 w5 0
53 w5 0
54 w5 0
55 w5 0
56 w5 0
57 w5 0
58 w5 0
59 w5 0
60 w5 0
61 w5 0
62 w5 0
63 w5 0
64 w5 0
65 w5 0
66 w5 0
67 w5 0
68 w5 0
69 w5 0
70 w5 0
71 w5 0
72 w5 36.2398
73 w5 364.691
74 w5 218.815
75 w5 131.289
76 w5 78.7733
partition -27.6078
eq -26.6191
/scratch/yfu7/Projects/TurboFold/Scripts/RNAstructure_git/conserved_training/tdbD00007567_tdbD00004114.fasta
sequence1 -GGCGGTGTAGCTCAGCT-GGCT-AGAGCGTACGGTTCATACCCGTGAG-------------------GTCGGGGGTTCGATTCCCTCCGCCGCTA---
sequence2 -AGGGAATTAGCTCAGGC-GGT--AGAGCGCTCGCTCAGCATGCGAGAG-------------------GTAGCGGGATCGACGCCCGCATTCTCCG---
71464.9
1 w5 0.6
2 w5 0.36
3 w5 0.216
4 w5 0.1296
5 w5 0.07776
6 w5 0.046656
7 w5 0.0280041
8 w5 0.0168251
9 w5 0.010095
10 w5 0.00615173
11 w5 0.015723
12 w5 0.0526909
13 w5 0.0319569
14 w5 0.0193774
15 w5 0.0116266
16 w5 0.00697618
17 w5 0.00418591
18 w5 0.002512
19 w5 0.00150735
20 w5 0.000905963
21 w5 0.000562162
22 w5 0.000358317
23 w5 0.000227077
24 w5 0.000171711
25 w5 0.00015786
26 w5 0.00462655
27 w5 0.0314976
28 w5 0.0190339
29 w5 0.0117753
30 w5 0.0170286
31 w5 0.0991679
32 w5 0.158389
33 w5 0.265924
34 w5 0.16034
35 w5 0.106854
36 w5 0.159644
37 w5 0.0957863
38 w5 0.05749
39 w5 0.0344982
40 w5 0.020711
41 w5 0.012573
42 w5 0.00837846
43 w5 0.0137837
44 w5 0.0560586
45 w5 0.0477541
46 w5 0.0286531
47 w5 0.0172008
48 w5 0.0103288
49 w5 0.00620481
50 w5 0.00374048
51 w5 0.0023167
52 w5 0.00171535
53 w5 0.00126148
54 w5 0.00102206
55 w5 0.00146637
56 w5 0.00128065
57 w5 0.000771271
58 w5 0.000485175
59 w5 0.00055859
60 w5 0.000437862
61 w5 0.000307099
62 w5 0.000234483
63 w5 0.000175735
64 w5 0.00118936
65 w5 0.0103507
66 w5 0.0466645
67 w5 0.133655
68 w5 0.278229
69 w5 1.67283
70 w5 6.59704
71 w5 60.335
72 w5 5857.52
73 w5 47326.1
74 w5 71464.9
11 1 73 1 G T
11 2 72 1 G C
11 3 71 1 C G
11 4 70 1 G C
11 5 69 1 G C
11 6 68 1 T G
11 7 67 1 G C
11 8 1
11 9 1
11 10 26 1 G C
11 11 25 1 C G
11 12 24 1 T A
11 13 23 1 C G
11 14 1
11 15 1
11 16 1
11 17 1
11 18 1
11 19 1
11 20 1
11 21 1
11 22 1
11 27 1
11 28 44 1 T G
11 29 43 1 A T
11 30 42 1 C G
11 31 41 1 G C
11 32 40 1 G C
11 33 1
11 34 1
11 35 1
11 36 1
11 37 1
11 38 1
11 39 1
11 45 1
11 46 1
11 47 1
11 48 1
11 49 1
11 50 66 1 G C
11 51 65 1 G T
11 52 64 1 G C
11 53 63 1 G C
11 54 62 1 G C
11 55 1
11 56 1
11 57 1
11 58 1
11 59 1
11 60 1
11 61 1
11 74 1
2258.83
1 w5 0
2 w5 0
3 w5 0
4 w5 0
5 w5 0
6 w5 0
7 w5 0
8 w5 0
9 w5 0
10 w5 0
11 w5 0
12 w5 0
13 w5 0
14 w5 0
15 w5 0
16 w5 0
17 w5 0
18 w5 0
19 w5 0
20 w5 0
21 w5 0
22 w5 0
23 w5 0
24 w5 0
25 w5 0
26 w5 0
27 w5 0
28 w5 0
29 w5 0
30 w5 0
31 w5 0
32 w5 0
33 w5 0
34 w5 0
35 w5 0
36 w5 0
37 w5 0
38 w5 0
39 w5 0
40 w5 0
41 w5 0
42 w5 0
43 w5 0
44 w5 0
45 w5 0
46 w5 0
47 w5 0
48 w5 0
49 w5 0
50 w5 0
51 w5 0
52 w5 0
53 w5 0
54 w5 0
55 w5 0
56 w5 0
57 w5 0
58 w5 0
59 w5 0
60 w5 0
61 w5 0
62 w5 0
63 w5 0
64 w5 0
65 w5 0
66 w5 0
67 w5 0
68 w5 0
69 w5 0
70 w5 0
71 w5 0
72 w5 0
73 w5 915.21
74 w5 2258.83
partition -30.1868
eq -28.0578
/scratch/yfu7/Projects/TurboFold/Scripts/RNAstructure_git/conserved_training/tdbD00000789_tdbD00007963.fasta
sequence1 -GTCGCAATGGTGTAGTT-GGG--AGCATGACAGACTGAAGATCTGTTG-------------------GTCATCGGTTCGATCCCGGTTTGTGACA---
sequence2 -TCCTCGATAGCTCAATT-GGC--AGAGCAGCCGGCTGTTAACCGGCAG-------------------GTTCTTGGTTCGAGTCCAAGTCGGGGAG---
0.00200098
1 w5 0.6
2 w5 0.36
3 w5 0.216
4 w5 0.1296
5 w5 0.07776
6 w5 0.046656
7 w5 0.0279982
8 w5 0.0168051
9 w5 0.0100831
10 w5 0.00606619
11 w5 0.00394481
12 w5 0.00575294
13 w5 0.00892231
14 w5 0.00651814
15 w5 0.00391149
16 w5 0.00234734
17 w5 0.00140843
18 w5 0.000845114
19 w5 0.000507091
20 w5 0.000304255
21 w5 0.000182566
22 w5 0.000109655
23 w5 6.70908e-05
24 w5 5.12884e-05
25 w5 5.32526e-05
26 w5 5.84095e-05
27 w5 3.50945e-05
28 w5 2.10946e-05
29 w5 1.29832e-05
30 w5 7.87248e-06
31 w5 5.72508e-06
32 w5 4.363e-06
33 w5 2.64471e-06
34 w5 1.62306e-06
35 w5 1.01546e-06
36 w5 6.76708e-07
37 w5 4.25429e-07
38 w5 2.55463e-07
39 w5 1.53368e-07
40 w5 9.25123e-08
41 w5 6.06013e-08
42 w5 2.27531e-07
43 w5 6.17018e-06
44 w5 1.21876e-05
45 w5 1.35604e-05
46 w5 8.13705e-06
47 w5 4.88509e-06
48 w5 3.02612e-06
49 w5 2.52749e-06
50 w5 1.52473e-06
51 w5 9.19535e-07
52 w5 5.5396e-07
53 w5 3.47111e-07
54 w5 2.1615e-07
55 w5 1.30418e-07
56 w5 8.22237e-08
57 w5 6.8791e-08
58 w5 4.90191e-08
59 w5 1.06776e-07
60 w5 2.74644e-07
61 w5 3.06863e-07
62 w5 1.84982e-07
63 w5 1.31912e-07
64 w5 2.81063e-07
65 w5 4.91009e-07
66 w5 4.74219e-07
67 w5 2.84784e-07
68 w5 1.75738e-07
69 w5 1.83693e-07
70 w5 8.99977e-07
71 w5 1.36401e-05
72 w5 0.000217923
73 w5 0.00200098
12 1 72 1 G C
12 2 71 1 T A
12 3 70 1 C G
12 4 69 1 G T
12 5 68 1 C G
12 6 67 1 A T
12 7 66 1 A T
12 8 1
12 9 1
12 10 25 1 G T
12 11 24 1 T A
12 12 23 1 G C
12 13 22 1 T G
12 14 1
12 15 1
12 16 1
12 17 1
12 18 1
12 19 1
12 20 1
12 21 1
12 26 44 1 G T
12 27 43 1 A T
12 28 42 1 C G
12 29 41 1 A T
12 30 40 1 G C
12 31 39 1 A T
12 32 1
12 33 1
12 34 1
12 35 1
12 36 1
12 37 1
12 38 1
12 45 1
12 46 1
12 47 1
12 48 1
12 49 65 1 A T
12 50 64 1 T G
12 51 63 1 C G
12 52 62 1 G C
12 53 61 1 G C
12 54 1
12 55 1
12 56 1
12 57 1
12 58 1
12 59 1
12 60 1
12 73 1
2.02093e-05
1 w5 0
2 w5 0
3 w5 0
4 w5 0
5 w5 0
6 w5 0
7 w5 0
8 w5 0
9 w5 0
10 w5 0
11 w5 0
12 w5 0
13 w5 0
14 w5 0
15 w5 0
16 w5 0
17 w5 0
18 w5 0
19 w5 0
20 w5 0
21 w5 0
22 w5 0
23 w5 0
24 w5 0
25 w5 0
26 w5 0
27 w5 0
28 w5 0
29 w5 0
30 w5 0
31 w5 0
32 w5 0
33 w5 0
34 w5 0
35 w5 0
36 w5 0
37 w5 0
38 w5 0
39 w5 0
40 w5 0
41 w5 0
42 w5 0
43 w5 0
44 w5 0
45 w5 0
46 w5 0
47 w5 0
48 w5 0
49 w5 0
50 w5 0
51 w5 0
52 w5 0
53 w5 0
54 w5 0
55 w5 0
56 w5 0
57 w5 0
58 w5 0
59 w5 0
60 w5 0
61 w5 0
62 w5 0
63 w5 0
64 w5 0
65 w5 0
66 w5 0
67 w5 0
68 w5 0
69 w5 0
70 w5 0
71 w5 0
72 w5 2.00823e-06
73 w5 2.02093e-05
partition -19.1533
eq -16.3211
/scratch/yfu7/Projects/TurboFold/Scripts/RNAstructure_git/conserved_training/tdbD00007230_tdbD00005211.fasta
sequence1 -GCGAAGGTGGCGAAATA-GGTA-GACGCACTAGCTTCAGGGGTTAGTGTCTTG---TAT---GTAGACGTAAGGGTTCAAATCCCTTCCTTCGTA---
sequence2 -GCGGGTGTAGCTCAACT-GGT--AGAGCATCGGCCTTCCAAGCCGAGG-------------------GTTGCGGGTTCGAGTCCCGTCGCCCGCTCCA
1.92085
1 w5 0.6
2 w5 0.36
3 w5 0.216
4 w5 0.1296
5 w5 0.07776
6 w5 0.046656
7 w5 0.0283646
8 w5 0.0178225
9 w5 0.0106935
10 w5 0.00645799
11 w5 0.00658583
12 w5 0.0289324
13 w5 0.0178102
14 w5 0.0106861
15 w5 0.00641264
16 w5 0.00384916
17 w5 0.00231081
18 w5 0.0013879
19 w5 0.000832749
20 w5 0.000499673
21 w5 0.000299837
22 w5 0.000179938
23 w5 0.000107963
24 w5 6.48046e-05
25 w5 3.90001e-05
26 w5 3.12481e-05
27 w5 8.08264e-05
28 w5 5.88717e-05
29 w5 0.00017857
30 w5 0.000306653
31 w5 0.000185369
32 w5 0.000200808
33 w5 0.000485496
34 w5 0.000291445
35 w5 0.000174937
36 w5 0.000105389
37 w5 6.32427e-05
38 w5 3.79592e-05
39 w5 2.28185e-05
40 w5 1.38163e-05
41 w5 1.25025e-05
42 w5 1.11507e-05
43 w5 7.99929e-06
44 w5 4.98297e-05
45 w5 0.000148147
46 w5 0.000126494
47 w5 7.59763e-05
48 w5 5.2246e-05
49 w5 0.000105562
50 w5 0.000112044
51 w5 0.000110524
52 w5 0.000131806
53 w5 8.5038e-05
54 w5 5.65273e-05
55 w5 4.2826e-05
56 w5 2.92845e-05
57 w5 2.53356e-05
58 w5 1.88288e-05
59 w5 1.16139e-05
60 w5 1.20313e-05
61 w5 2.72671e-05
62 w5 1.76413e-05
63 w5 1.09132e-05
64 w5 6.54887e-06
65 w5 3.93087e-06
66 w5 2.35936e-06
67 w5 1.41675e-06
68 w5 8.52379e-07
69 w5 5.12152e-07
70 w5 3.10234e-07
71 w5 2.01226e-07
72 w5 1.21688e-07
73 w5 7.31228e-08
74 w5 4.39554e-08
75 w5 2.65614e-08
76 w5 3.28199e-08
77 w5 7.98125e-07
78 w5 9.58826e-06
79 w5 2.88181e-05
80 w5 3.58012e-05
81 w5 2.5926e-05
82 w5 4.80283e-05
83 w5 0.000122372
84 w5 0.00419512
85 w5 0.13625
86 w5 1.01812
87 w5 1.92085
13 1 86 1 G T
13 2 85 1 C G
13 3 84 1 G C
13 4 83 1 A T
13 5 82 1 A T
13 6 81 1 G C
13 7 80 1 G C
13 8 1
13 9 1
13 10 26 1 G C
13 11 25 1 C G
13 12 24 1 G C
13 13 1
13 14 1
13 15 1
13 16 1
13 17 1
13 18 1
13 19 1
13 20 1
13 21 1
13 22 1
13 23 1
13 27 45 1 A T
13 28 44 1 C G
13 29 43 1 T A
13 30 42 1 A T
13 31 41 1 G T
13 32 40 1 C G
13 33 1
13 34 1
13 35 1
13 36 1
13 37 1
13 38 1
13 39 1
13 46 60 1 G C
13 47 59 1 T A
13 48 58 1 C G
13 49 57 1 T A
13 50 1
13 51 1
13 52 1
13 53 1
13 54 1
13 55 1
13 56 1
13 61 1
13 62 1
13 63 79 1 A T
13 64 78 1 A T
13 65 77 1 G C
13 66 76 1 G C
13 67 75 1 G C
13 68 1
13 69 1
13 70 1
13 71 1
13 72 1
13 73 1
13 74 1
13 87 1
0.00355285
1 w5 0
2 w5 0
3 w5 0
4 w5 0
5 w5 0
6 w5 0
7 w5 0
8 w5 0
9 w5 0
10 w5 0
11 w5 0
12 w5 0
13 w5 0
14 w5 0
15 w5 0
16 w5 0
17 w5 0
18 w5 0
19 w5 0
20 w5 0
21 w5 0
22 w5 0
23 w5 0
24 w5 0
25 w5 0
26 w5 0
27 w5 0
28 w5 0
29 w5 0
30 w5 0
31 w5 0
32 w5 0
33 w5 0
34 w5 0
35 w5 0
36 w5 0
37 w5 0
38 w5 0
39 w5 0
40 w5 0
41 w5 0
42 w5 0
43 w5 0
44 w5 0
45 w5 0
46 w5 0
47 w5 0
48 w5 0
49 w5 0
50 w5 0
51 w5 0
52 w5 0
53 w5 0
54 w5 0
55 w5 0
56 w5 0
57 w5 0
58 w5 0
59 w5 0
60 w5 0
61 w5 0
62 w5 0
63 w5 0
64 w5 0
65 w5 0
66 w5 0
67 w5 0
68 w5 0
69 w5 0
70 w5 0
71 w5 0
72 w5 0
73 w5 0
74 w5 0
75 w5 0
76 w5 0
77 w5 0
78 w5 0
79 w5 0
80 w5 0
81 w5 0
82 w5 0
83 w5 0
84 w5 0
85 w5 0
86 w5 0.00143951
87 w5 0.00355285
partition -27.7933
eq -23.9149
/scratch/yfu7/Projects/TurboFold/Scripts/RNAstructure_git/conserved_training/tdbD00011842_tdbD00006219.fasta
sequence1 -TAGAACGTGGTGTGGTA-GGT--CACATGGAGAATTTCAGATTCTCAG-------------------G-GATAGGTTCAATTCCTATAGTTCTAG---
sequence2 -GCCCGGATAGCTCAGTC-GGT--AGAGCATTGGACTTTTAATCCAAGG-------------------GTCCAGGGTTCAAGTCCCTGTTCGGGCG---
0.291482
1 w5 0.6
2 w5 0.36
3 w5 0.216
4 w5 0.1296
5 w5 0.07776
6 w5 0.046656
7 w5 0.0279936
8 w5 0.0167962
9 w5 0.0100777
10 w5 0.0060497
11 w5 0.00366208
12 w5 0.00226918
13 w5 0.00148435
14 w5 0.00109075
15 w5 0.000655154
16 w5 0.000393991
17 w5 0.000237756
18 w5 0.000144288
19 w5 8.6583e-05
20 w5 5.1984e-05
21 w5 3.14787e-05
22 w5 2.22105e-05
23 w5 7.56206e-05
24 w5 0.00104653
25 w5 0.00517339
26 w5 0.0084518
27 w5 0.00508193
28 w5 0.00304916
29 w5 0.0018295
30 w5 0.0010977
31 w5 0.000658804
32 w5 0.000395328
33 w5 0.00023726
34 w5 0.000142406
35 w5 8.58203e-05
36 w5 5.25934e-05
37 w5 3.16782e-05
38 w5 1.90273e-05
39 w5 1.15075e-05
40 w5 7.24257e-06
41 w5 1.49974e-05
42 w5 0.000138792
43 w5 0.0263605
44 w5 0.0756664
45 w5 0.0454002
46 w5 0.0272401
47 w5 0.0163441
48 w5 0.00980662
49 w5 0.00588427
50 w5 0.00353136
51 w5 0.00211956
52 w5 0.00127242
53 w5 0.000771319
54 w5 0.00048546
55 w5 0.000514476
56 w5 0.00150246
57 w5 0.000902007
58 w5 0.000541571
59 w5 0.000325407
60 w5 0.000195679
61 w5 0.00012319
62 w5 0.000131971
63 w5 0.000377939
64 w5 0.00139768
65 w5 0.00251278
66 w5 0.00151216
67 w5 0.00094586
68 w5 0.00069101
69 w5 0.00541831
70 w5 0.0578176
71 w5 0.184521
72 w5 0.291482
14 1 71 1 T A
14 2 70 1 A T
14 3 69 1 G C
14 4 68 1 A T
14 5 67 1 A T
14 6 66 1 C G
14 7 1
14 8 1
14 9 1
14 10 25 1 G T
14 11 24 1 T A
14 12 23 1 G C
14 13 22 1 T A
14 14 1
14 15 1
14 16 1
14 17 1
14 18 1
14 19 1
14 20 1
14 21 1
14 26 1
14 27 43 1 G C
14 28 42 1 A T
14 29 41 1 G C
14 30 40 1 A T
14 31 39 1 A T
14 32 1
14 33 1
14 34 1
14 35 1
14 36 1
14 37 1
14 38 1
14 44 1
14 45 1
14 46 1
14 47 1
14 48 64 1 A T
14 49 63 1 T A
14 50 62 1 A T
14 51 61 1 G C
14 52 60 1 G C
14 53 1
14 54 1
14 55 1
14 56 1
14 57 1
14 58 1
14 59 1
14 65 1
14 72 1
7.1839e-06
1 w5 0
2 w5 0
3 w5 0
4 w5 0
5 w5 0
6 w5 0
7 w5 0
8 w5 0
9 w5 0
10 w5 0
11 w5 0
12 w5 0
13 w5 0
14 w5 0
15 w5 0
16 w5 0
17 w5 0
18 w5 0
19 w5 0
20 w5 0
21 w5 0
22 w5 0
23 w5 0
24 w5 0
25 w5 0
26 w5 0
27 w5 0
28 w5 0
29 w5 0
30 w5 0
31 w5 0
32 w5 0
33 w5 0
34 w5 0
35 w5 0
36 w5 0
37 w5 0
38 w5 0
39 w5 0
40 w5 0
41 w5 0
42 w5 0
43 w5 0
44 w5 0
45 w5 0
46 w5 0
47 w5 0
48 w5 0
49 w5 0
50 w5 0
51 w5 0
52 w5 0
53 w5 0
54 w5 0
55 w5 0
56 w5 0
57 w5 0
58 w5 0
59 w5 0
60 w5 0
61 w5 0
62 w5 0
63 w5 0
64 w5 0
65 w5 0
66 w5 0
67 w5 0
68 w5 0
69 w5 0
70 w5 0
71 w5 2.56827e-06
72 w5 7.1839e-06
partition -21.9086
eq -15.3688
/scratch/yfu7/Projects/TurboFold/Scripts/RNAstructure_git/conserved_training/tdbD00003923_tdbD00010541.fasta
sequence1 -GGGGCCTTAGCTCAGCT-GGG--AGAGCACCTGCTTTGCAAGCAGGGG-------------------GTCGTCGGTTCGATCCCGACAGGCTCCACCA
sequence2 -GCTGGAGTGGCGCAATT-GGC--AGCGCAACGCACTTGTAATGCGTAG-------------------GTTGAGAGTTCAAGTCTCTTCTCCAGCT---
4.33988e+07
1 w5 0.6
2 w5 0.36
3 w5 0.216
4 w5 0.1296
5 w5 0.07776
6 w5 0.0466706
7 w5 0.0282156
8 w5 0.01706
9 w5 0.010236
10 w5 0.00614987
11 w5 0.00480033
12 w5 0.019493
13 w5 0.154671
14 w5 1.1029
15 w5 0.661742
16 w5 0.397045
17 w5 0.238227
18 w5 0.142936
19 w5 0.085762
20 w5 0.0514572
21 w5 0.0308764
22 w5 0.0185324
23 w5 0.0111234
24 w5 0.00670303
25 w5 0.00793074
26 w5 0.0311492
27 w5 0.0186919
28 w5 0.0114087
29 w5 0.00912159
30 w5 0.00778348
31 w5 0.00573017
32 w5 0.00714678
33 w5 0.00435931
34 w5 0.00280894
35 w5 0.00190073
36 w5 0.00316454
37 w5 0.011698
38 w5 0.0164626
39 w5 0.00989841
40 w5 0.00640616
41 w5 0.00738282
42 w5 0.0782687
43 w5 47.6547
44 w5 79.6696
45 w5 47.8054
46 w5 28.692
47 w5 17.2399
48 w5 10.4123
49 w5 6.78524
50 w5 4.09084
51 w5 2.65696
52 w5 3.21759
53 w5 1.97126
54 w5 1.29144
55 w5 0.816063
56 w5 0.752977
57 w5 1.45585
58 w5 0.8876
59 w5 0.574707
60 w5 0.989259
61 w5 2.05612
62 w5 1.51642
63 w5 3.28726
64 w5 2.92813
65 w5 29.1102
66 w5 174.508
67 w5 104.897
68 w5 85.0321
69 w5 2596.89
70 w5 40128.9
71 w5 362901
72 w5 2.08049e+07
73 w5 1.99371e+08
74 w5 1.19623e+08
75 w5 7.17931e+07
76 w5 4.33988e+07
15 1 72 1 G C
15 2 71 1 G C
15 3 70 1 G T
15 4 69 1 G C
15 5 68 1 C G
15 6 67 1 C G
15 7 66 1 T A
15 8 1
15 9 1
15 10 25 1 G C
15 11 24 1 C G
15 12 23 1 T A
15 13 22 1 C G
15 14 1
15 15 1
15 16 1
15 17 1
15 18 1
15 19 1
15 20 1
15 21 1
15 26 1
15 27 43 1 C G
15 28 42 1 C G
15 29 41 1 T A
15 30 40 1 G C
15 31 39 1 C G
15 32 1
15 33 1
15 34 1
15 35 1
15 36 1
15 37 1
15 38 1
15 44 1
15 45 1
15 46 1
15 47 1
15 48 1
15 49 65 1 G C
15 50 64 1 T A
15 51 63 1 C G
15 52 62 1 G C
15 53 61 1 G C
15 54 1
15 55 1
15 56 1
15 57 1
15 58 1
15 59 1
15 60 1
15 73 1
15 74 1
15 75 1
15 76 1
304632
1 w5 0
2 w5 0
3 w5 0
4 w5 0
5 w5 0
6 w5 0
7 w5 0
8 w5 0
9 w5 0
10 w5 0
11 w5 0
12 w5 0
13 w5 0
14 w5 0
15 w5 0
16 w5 0
17 w5 0
18 w5 0
19 w5 0
20 w5 0
21 w5 0
22 w5 0
23 w5 0
24 w5 0
25 w5 0
26 w5 0
27 w5 0
28 w5 0
29 w5 0
30 w5 0
31 w5 0
32 w5 0
33 w5 0
34 w5 0
35 w5 0
36 w5 0
37 w5 0
38 w5 0
39 w5 0
40 w5 0
41 w5 0
42 w5 0
43 w5 0
44 w5 0
45 w5 0
46 w5 0
47 w5 0
48 w5 0
49 w5 0
50 w5 0
51 w5 0
52 w5 0
53 w5 0
54 w5 0
55 w5 0
56 w5 0
57 w5 0
58 w5 0
59 w5 0
60 w5 0
61 w5 0
62 w5 0
63 w5 0
64 w5 0
65 w5 0
66 w5 0
67 w5 0
68 w5 0
69 w5 0
70 w5 0
71 w5 0
72 w5 140147
73 w5 1.41033e+06
74 w5 846200
75 w5 507720
76 w5 304632
partition -34.7666
eq -31.7101
/scratch/yfu7/Projects/TurboFold/Scripts/RNAstructure_git/conserved_training/tdbD00010856_tdbD00007866.fasta
sequence1 -GGAGTGCTAGCTCAGTT-GGG--AGAGCATTTGCCTTACAAGCAAAGG-------------------GTCAGGGGTTCGAGTCCCTTGCACTCCACCA
sequence2 -GCCCCCATAGCTCAGAT-GGT--AGAGCGACGGACTGTTAATCCGTAG-------------------GTCGCAGGTTCGAGTCCTGCTGGGGGCGCC-
2062.47
1 w5 0.6
2 w5 0.36
3 w5 0.216
4 w5 0.1296
5 w5 0.07776
6 w5 0.046656
7 w5 0.0280459
8 w5 0.0170168
9 w5 0.0102101
10 w5 0.00612916
11 w5 0.00394098
12 w5 0.00567739
13 w5 0.118705
14 w5 0.935663
15 w5 0.561398
16 w5 0.336839
17 w5 0.202103
18 w5 0.121262
19 w5 0.0727574
20 w5 0.0436545
21 w5 0.0261946
22 w5 0.0157217
23 w5 0.00943461
24 w5 0.00568813
25 w5 0.00731205
26 w5 0.0307127
27 w5 0.0184291
28 w5 0.0110609
29 w5 0.0066474
30 w5 0.00400917
31 w5 0.00324972
32 w5 0.00377938
33 w5 0.0022946
34 w5 0.0014082
35 w5 0.000905793
36 w5 0.000758963
37 w5 0.00070575
38 w5 0.000466528
39 w5 0.000323101
40 w5 0.000199284
41 w5 0.000210216
42 w5 0.000350689
43 w5 0.00221863
44 w5 0.00195496
45 w5 0.00117318
46 w5 0.00070429
47 w5 0.000422728
48 w5 0.000255168
49 w5 0.000164347
50 w5 9.86738e-05
51 w5 5.93078e-05
52 w5 3.56403e-05
53 w5 2.143e-05
54 w5 1.29421e-05
55 w5 8.11287e-06
56 w5 9.25422e-06
57 w5 3.81741e-05
58 w5 2.30852e-05
59 w5 1.41118e-05
60 w5 8.82752e-06
61 w5 6.00487e-06
62 w5 4.0525e-06
63 w5 4.19087e-05
64 w5 0.000439062
65 w5 0.000674125
66 w5 0.000634774
67 w5 0.00046711
68 w5 0.00163817
69 w5 0.0351208
70 w5 0.450993
71 w5 15.5079
72 w5 994.379
73 w5 9548.47
74 w5 5729.08
75 w5 3437.45
76 w5 2062.47
16 1 72 1 G C
16 2 71 1 G C
16 3 70 1 A T
16 4 69 1 G C
16 5 68 1 T A
16 6 67 1 G C
16 7 66 1 C G
16 8 1
16 9 1
16 10 25 1 G C
16 11 24 1 C G
16 12 23 1 T A
16 13 22 1 C G
16 14 1
16 15 1
16 16 1
16 17 1
16 18 1
16 19 1
16 20 1
16 21 1
16 26 1
16 27 43 1 T A
16 28 42 1 T A
16 29 41 1 T A
16 30 40 1 G C
16 31 39 1 C G
16 32 1
16 33 1
16 34 1
16 35 1
16 36 1
16 37 1
16 38 1
16 44 1
16 45 1
16 46 1
16 47 1
16 48 1
16 49 65 1 A T
16 50 64 1 G T
16 51 63 1 G C
16 52 62 1 G C
16 53 61 1 G C
16 54 1
16 55 1
16 56 1
16 57 1
16 58 1
16 59 1
16 60 1
16 73 1
16 74 1
16 75 1
16 76 1
121.919
1 w5 0
2 w5 0
3 w5 0
4 w5 0
5 w5 0
6 w5 0
7 w5 0
8 w5 0
9 w5 0
10 w5 0
11 w5 0
12 w5 0
13 w5 0
14 w5 0
15 w5 0
16 w5 0
17 w5 0
18 w5 0
19 w5 0
20 w5 0
21 w5 0
22 w5 0
23 w5 0
24 w5 0
25 w5 0
26 w5 0
27 w5 0
28 w5 0
29 w5 0
30 w5 0
31 w5 0
32 w5 0
33 w5 0
34 w5 0
35 w5 0
36 w5 0
37 w5 0
38 w5 0
39 w5 0
40 w5 0
41 w5 0
42 w5 0
43 w5 0
44 w5 0
45 w5 0
46 w5 0
47 w5 0
48 w5 0
49 w5 0
50 w5 0
51 w5 0
52 w5 0
53 w5 0
54 w5 0
55 w5 0
56 w5 0
57 w5 0
58 w5 0
59 w5 0
60 w5 0
61 w5 0
62 w5 0
63 w5 0
64 w5 0
65 w5 0
66 w5 0
67 w5 0
68 w5 0
69 w5 0
70 w5 0
71 w5 0
72 w5 56.0891
73 w5 564.44
74 w5 338.664
75 w5 203.198
76 w5 121.919
partition -28.6314
eq -26.8883
/scratch/yfu7/Projects/TurboFold/Scripts/RNAstructure_git/conserved_training/tdbD00008517_tdbD00011586.fasta
sequence1 -AGGGATATGGTGTAAT--GGT--AGCACAACAGATTTTGGTTCTGTTT-------------------G-TCTAGGTTCGAATCCTTGTATCCCTGCCA
sequence2 -GGTGAGTTACTCAAGT--GGCCAACGAGGGCAGACTGTAAATCTGCTGGCT-----TTC-----GCCTTCCGTGGTTCGAATCCACGACTCACCACCA
0.000874613
1 w5 0.6
2 w5 0.36
3 w5 0.216
4 w5 0.1296
5 w5 0.07776
6 w5 0.046656
7 w5 0.0279936
8 w5 0.0167962
9 w5 0.0100777
10 w5 0.00604711
11 w5 0.00363283
12 w5 0.00218916
13 w5 0.00131516
14 w5 0.000789724
15 w5 0.000475594
16 w5 0.000286779
17 w5 0.000172611
18 w5 0.000103823
19 w5 6.23877e-05
20 w5 3.75866e-05
21 w5 2.27526e-05
22 w5 1.38818e-05
23 w5 1.22378e-05
24 w5 9.36513e-05
25 w5 0.000695991
26 w5 0.000417619
27 w5 0.000250591
28 w5 0.000150503
29 w5 9.03048e-05
30 w5 5.42167e-05
31 w5 3.25709e-05
32 w5 1.95428e-05
33 w5 1.1726e-05
34 w5 7.03582e-06
35 w5 4.22168e-06
36 w5 2.5336e-06
37 w5 1.52073e-06
38 w5 9.13393e-07
39 w5 5.76894e-07
40 w5 6.79315e-07
41 w5 1.30362e-05
42 w5 0.000510304
43 w5 0.000592063
44 w5 0.000364949
45 w5 0.000219273
46 w5 0.000131573
47 w5 7.9006e-05
48 w5 4.81098e-05
49 w5 2.98197e-05
50 w5 1.79437e-05
51 w5 1.0809e-05
52 w5 6.49255e-06
53 w5 3.89731e-06
54 w5 2.34792e-06
55 w5 1.49852e-06
56 w5 9.20196e-07
57 w5 6.20497e-07
58 w5 4.30923e-07
59 w5 2.61912e-07
60 w5 2.57217e-07
61 w5 1.072e-06
62 w5 1.28001e-06
63 w5 9.5893e-07
64 w5 1.54871e-06
65 w5 1.33934e-06
66 w5 8.04987e-07
67 w5 5.05835e-07
68 w5 3.03009e-06
69 w5 0.000393372
70 w5 0.00270433
71 w5 0.00404911
72 w5 0.00242947
73 w5 0.00145768
74 w5 0.000874613
17 1 70 1 A T
17 2 69 1 G C
17 3 68 1 G C
17 4 67 1 G C
17 5 66 1 A T
17 6 65 1 T A
17 7 64 1 A T
17 8 1
17 9 1
17 10 24 1 G C
17 11 23 1 T A
17 12 22 1 G C
17 13 21 1 T G
17 14 1
17 15 1
17 16 1
17 17 1
17 18 1
17 19 1
17 20 1
17 25 43 1 A T
17 26 42 1 A T
17 27 41 1 C G
17 28 40 1 A T
17 29 39 1 G C
17 30 38 1 A T
17 31 1
17 32 1
17 33 1
17 34 1
17 35 1
17 36 1
17 37 1
17 44 1
17 45 1
17 46 1
17 47 63 1 C G
17 48 1
17 49 61 1 A T
17 50 60 1 G C
17 51 59 1 G C
17 52 1
17 53 1
17 54 1
17 55 1
17 56 1
17 57 1
17 58 1
17 62 1
17 71 1
17 72 1
17 73 1
17 74 1
0
1 w5 0
2 w5 0
3 w5 0
4 w5 0
5 w5 0
6 w5 0
7 w5 0
8 w5 0
9 w5 0
10 w5 0
11 w5 0
12 w5 0
13 w5 0
14 w5 0
15 w5 0
16 w5 0
17 w5 0
18 w5 0
19 w5 0
20 w5 0
21 w5 0
22 w5 0
23 w5 0
24 w5 0
25 w5 0
26 w5 0
27 w5 0
28 w5 0
29 w5 0
30 w5 0
31 w5 0
32 w5 0
33 w5 0
34 w5 0
35 w5 0
36 w5 0
37 w5 0
38 w5 0
39 w5 0
40 w5 0
41 w5 0
42 w5 0
43 w5 0
44 w5 0
45 w5 0
46 w5 0
47 w5 0
48 w5 0
49 w5 0
50 w5 0
51 w5 0
52 w5 0
53 w5 0
54 w5 0
55 w5 0
56 w5 0
57 w5 0
58 w5 0
59 w5 0
60 w5 0
61 w5 0
62 w5 0
63 w5 0
64 w5 0
65 w5 0
66 w5 0
67 w5 0
68 w5 0
69 w5 0
70 w5 0
71 w5 0
72 w5 0
73 w5 0
74 w5 0
partition -18.958
eq inf
/scratch/yfu7/Projects/TurboFold/Scripts/RNAstructure_git/conserved_training/tdbD00009505_tdbD00008714.fasta
sequence1 -GCACCCGTAGCTCAGTT-GGAT-AGAGCACTCGGCTACGAACCGAGAG-------------------GTCGGGGGTTCAAATCCTCTCGGGTGTA---
sequence2 -TGTCCTATGGTGTAAT--GGT--AGCACAACAGTTTTTGGTTCTGTTT-------------------G-TCTAAGTTCGAATCTTGGTAGGACAACCA
12122.4
1 w5 0.6
2 w5 0.36
3 w5 0.216
4 w5 0.1296
5 w5 0.07776
6 w5 0.046656
7 w5 0.0280797
8 w5 0.0170345
9 w5 0.0102207
10 w5 0.00614213
11 w5 0.00431416
12 w5 0.00515165
13 w5 0.00309099
14 w5 0.00185459
15 w5 0.00111294
16 w5 0.000667996
17 w5 0.000400826
18 w5 0.000240619
19 w5 0.000144515
20 w5 8.67174e-05
21 w5 5.20937e-05
22 w5 3.13768e-05
23 w5 1.88878e-05
24 w5 1.19207e-05
25 w5 1.17607e-05
26 w5 0.0006243
27 w5 0.00454182
28 w5 0.00273656
29 w5 0.00168565
30 w5 0.00101556
31 w5 0.000760385
32 w5 0.00101799
33 w5 0.000610796
34 w5 0.000366491
35 w5 0.000219934
36 w5 0.000131999
37 w5 7.92503e-05
38 w5 4.7554e-05
39 w5 2.85373e-05
40 w5 1.7167e-05
41 w5 1.10617e-05
42 w5 3.28441e-05
43 w5 0.000336932
44 w5 0.0630507
45 w5 0.0720467
46 w5 0.0432282
47 w5 0.0259378
48 w5 0.0155639
49 w5 0.00933848
50 w5 0.00560717
51 w5 0.00381657
52 w5 0.0492467
53 w5 0.238178
54 w5 0.295381
55 w5 0.251337
56 w5 0.150803
57 w5 0.0904853
58 w5 0.0543185
59 w5 0.0325911
60 w5 0.0195661
61 w5 0.011743
62 w5 0.00712369
63 w5 0.00623431
64 w5 0.004042
65 w5 0.003723
66 w5 0.00970634
67 w5 0.00925964
68 w5 0.00885998
69 w5 0.0230293
70 w5 2.52146
71 w5 23.9638
72 w5 730.832
73 w5 6371.13
74 w5 12122.4
18 1 73 1 G T
18 2 72 1 C G
18 3 71 1 A T
18 4 70 1 C G
18 5 69 1 C G
18 6 68 1 C G
18 7 67 1 G C
18 8 1
18 9 1
18 10 26 1 G C
18 11 25 1 C G
18 12 24 1 T A
18 13 23 1 C G
18 14 1
18 15 1
18 16 1
18 17 1
18 18 1
18 19 1
18 20 1
18 21 1
18 22 1
18 27 1
18 28 44 1 C G
18 29 43 1 T A
18 30 42 1 C G
18 31 41 1 G C
18 32 40 1 G C
18 33 1
18 34 1
18 35 1
18 36 1
18 37 1
18 38 1
18 39 1
18 45 1
18 46 1
18 47 1
18 48 1
18 49 1
18 50 66 1 G T
18 51 65 1 G C
18 52 64 1 G T
18 53 63 1 G C
18 54 62 1 G C
18 55 1
18 56 1
18 57 1
18 58 1
18 59 1
18 60 1
18 61 1
18 74 1
1261.37
1 w5 0
2 w5 0
3 w5 0
4 w5 0
5 w5 0
6 w5 0
7 w5 0
8 w5 0
9 w5 0
10 w5 0
11 w5 0
12 w5 0
13 w5 0
14 w5 0
15 w5 0
16 w5 0
17 w5 0
18 w5 0
19 w5 0
20 w5 0
21 w5 0
22 w5 0
23 w5 0
24 w5 0
25 w5 0
26 w5 0
27 w5 0
28 w5 0
29 w5 0
30 w5 0
31 w5 0
32 w5 0
33 w5 0
34 w5 0
35 w5 0
36 w5 0
37 w5 0
38 w5 0
39 w5 0
40 w5 0
41 w5 0
42 w5 0
43 w5 0
44 w5 0
45 w5 0
46 w5 0
47 w5 0
48 w5 0
49 w5 0
50 w5 0
51 w5 0
52 w5 0
53 w5 0
54 w5 0
55 w5 0
56 w5 0
57 w5 0
58 w5 0
59 w5 0
60 w5 0
61 w5 0
62 w5 0
63 w5 0
64 w5 0
65 w5 0
66 w5 0
67 w5 0
68 w5 0
69 w5 0
70 w5 0
71 w5 0
72 w5 0
73 w5 511.067
74 w5 1261.37
partition -29.0934
eq -27.6987
/scratch/yfu7/Projects/TurboFold/Scripts/RNAstructure_git/conserved_training/tdbD00009653_tdbD00009492.fasta
sequence1 -AGACAGGTGTCCGAGC--GGTTGAAGGAGCACGCCTGGAACGCGTGTAAAGT----GCAA---GCTTT-CGAGGGTTCGAATCCCTTCCTGTCTGCCA
sequence2 -GCGCTCATAGCTCAGCT-GGAT-AGAGCACTTGGCTACGAACTAAGGG-------------------GTCGGGAGTTCGAATCTCTCTGAGCGCACCA
13.4219
1 w5 0.6
2 w5 0.36
3 w5 0.216
4 w5 0.1296
5 w5 0.07776
6 w5 0.046656
7 w5 0.0279936
8 w5 0.0167962
9 w5 0.0100777
10 w5 0.00604806
11 w5 0.00372261
12 w5 0.00261487
13 w5 0.00270743
14 w5 0.00162446
15 w5 0.000975011
16 w5 0.000585947
17 w5 0.000357522
18 w5 0.000217597
19 w5 0.000130895
20 w5 7.87758e-05
21 w5 4.73685e-05
22 w5 2.84261e-05
23 w5 1.70557e-05
24 w5 1.02572e-05
25 w5 7.47169e-06
26 w5 2.83441e-05
27 w5 5.01209e-05
28 w5 4.052e-05
29 w5 0.000102727
30 w5 6.18588e-05
31 w5 4.06338e-05
32 w5 2.56653e-05
33 w5 1.54333e-05
34 w5 9.26776e-06
35 w5 5.57514e-06
36 w5 3.35875e-06
37 w5 2.01629e-06
38 w5 1.21072e-06
39 w5 7.27282e-07
40 w5 4.44962e-07
41 w5 3.22073e-07
42 w5 7.41331e-06
43 w5 1.75236e-05
44 w5 0.000537254
45 w5 0.00255783
46 w5 0.00229008
47 w5 0.00137414
48 w5 0.00082453
49 w5 0.000494762
50 w5 0.000297009
51 w5 0.00017845
52 w5 0.000116486
53 w5 0.000133589
54 w5 8.14581e-05
55 w5 4.99862e-05
56 w5 3.44506e-05
57 w5 0.000129032
58 w5 0.000151845
59 w5 0.00019594
60 w5 0.000137579
61 w5 8.68305e-05
62 w5 6.18839e-05
63 w5 4.94928e-05
64 w5 3.24002e-05
65 w5 3.99455e-05
66 w5 3.58239e-05
67 w5 2.21024e-05
68 w5 1.33318e-05
69 w5 8.81092e-06
70 w5 5.84959e-06
71 w5 3.74237e-06
72 w5 2.28505e-06
73 w5 1.38516e-06
74 w5 1.34363e-06
75 w5 1.68792e-05
76 w5 0.000110112
77 w5 0.000404261
78 w5 0.000818789
79 w5 0.000724215
80 w5 0.000839233
81 w5 0.0138004
82 w5 0.137376
83 w5 6.0799
84 w5 41.5089
85 w5 62.1254
86 w5 37.2752
87 w5 22.3656
88 w5 13.4219
19 1 84 1 A T
19 2 83 1 G C
19 3 82 1 A T
19 4 81 1 C G
19 5 80 1 A T
19 6 79 1 G C
19 7 78 1 G C
19 8 1
19 9 1
19 10 26 1 T A
19 11 25 1 C G
19 12 24 1 C G
19 13 1
19 14 1
19 15 1
19 16 1
19 17 1
19 18 1
19 19 1
19 20 1
19 21 1
19 22 1
19 23 1
19 27 45 1 G T
19 28 44 1 C G
19 29 43 1 A T
19 30 42 1 C G
19 31 41 1 G C
19 32 40 1 C G
19 33 1
19 34 1
19 35 1
19 36 1
19 37 1
19 38 1
19 39 1
19 46 1
19 47 58 1 A T
19 48 57 1 A T
19 49 56 1 G C
19 50 55 1 T G
19 51 1
19 52 1
19 53 1
19 54 1
19 59 1
19 60 1
19 61 77 1 G T
19 62 76 1 A T
19 63 75 1 G C
19 64 74 1 G C
19 65 73 1 G C
19 66 1
19 67 1
19 68 1
19 69 1
19 70 1
19 71 1
19 72 1
19 85 1
19 86 1
19 87 1
19 88 1
0.662524
1 w5 0
2 w5 0
3 w5 0
4 w5 0
5 w5 0
6 w5 0
7 w5 0
8 w5 0
9 w5 0
10 w5 0
11 w5 0
12 w5 0
13 w5 0
14 w5 0
15 w5 0
16 w5 0
17 w5 0
18 w5 0
19 w5 0
20 w5 0
21 w5 0
22 w5 0
23 w5 0
24 w5 0
25 w5 0
26 w5 0
27 w5 0
28 w5 0
29 w5 0
30 w5 0
31 w5 0
32 w5 0
33 w5 0
34 w5 0
35 w5 0
36 w5 0
37 w5 0
38 w5 0
39 w5 0
40 w5 0
41 w5 0
42 w5 0
43 w5 0
44 w5 0
45 w5 0
46 w5 0
47 w5 0
48 w5 0
49 w5 0
50 w5 0
51 w5 0
52 w5 0
53 w5 0
54 w5 0
55 w5 0
56 w5 0
57 w5 0
58 w5 0
59 w5 0
60 w5 0
61 w5 0
62 w5 0
63 w5 0
64 w5 0
65 w5 0
66 w5 0
67 w5 0
68 w5 0
69 w5 0
70 w5 0
71 w5 0
72 w5 0
73 w5 0
74 w5 0
75 w5 0
76 w5 0
77 w5 0
78 w5 0
79 w5 0
80 w5 0
81 w5 0
82 w5 0
83 w5 0
84 w5 1.24275
85 w5 3.06724
86 w5 1.84034
87 w5 1.10421
88 w5 0.662524
partition -29.3064
eq -27.4521
